
*** Running vivado
    with args -log top_module.vds -m64 -product Vivado -mode batch -messageDb vivado.pb -notrace -source top_module.tcl


****** Vivado v2023.1 (64-bit)
  **** SW Build 3865809 on Sun May  7 15:04:56 MDT 2023
  **** IP Build 3864474 on Sun May  7 20:36:21 MDT 2023
  **** SharedData Build 3865790 on Sun May 07 13:33:03 MDT 2023
    ** Copyright 1986-2022 Xilinx, Inc. All Rights Reserved.
    ** Copyright 2022-2023 Advanced Micro Devices, Inc. All Rights Reserved.

source top_module.tcl -notrace
create_project: Time (s): cpu = 00:00:16 ; elapsed = 00:00:16 . Memory (MB): peak = 1336.688 ; gain = 0.023 ; free physical = 4785 ; free virtual = 15607
Command: read_checkpoint -auto_incremental -incremental /home/dhep/vivado_proj/custom_clock2/custom_clock2.srcs/utils_1/imports/synth_1/slow_clock.dcp
INFO: [Vivado 12-5825] Read reference checkpoint from /home/dhep/vivado_proj/custom_clock2/custom_clock2.srcs/utils_1/imports/synth_1/slow_clock.dcp for incremental synthesis
INFO: [Vivado 12-7989] Please ensure there are no constraint changes
Command: synth_design -top top_module -part xc7a100tcsg324-1
Starting synth_design
Attempting to get a license for feature 'Synthesis' and/or device 'xc7a100t'
INFO: [Common 17-349] Got license for feature 'Synthesis' and/or device 'xc7a100t'
INFO: [Device 21-403] Loading part xc7a100tcsg324-1
INFO: [Designutils 20-5440] No compile time benefit to using incremental synthesis; A full resynthesis will be run
INFO: [Designutils 20-4379] Flow is switching to default flow due to incremental criteria not met. If you would like to alter this behaviour and have the flow terminate instead, please set the following parameter config_implementation {autoIncr.Synth.RejectBehavior Terminate}
INFO: [Synth 8-7079] Multithreading enabled for synth_design using a maximum of 4 processes.
INFO: [Synth 8-7078] Launching helper process for spawning children vivado processes
INFO: [Synth 8-7075] Helper process launched with PID 9497
---------------------------------------------------------------------------------
Starting RTL Elaboration : Time (s): cpu = 00:00:06 ; elapsed = 00:00:07 . Memory (MB): peak = 2041.590 ; gain = 379.770 ; free physical = 3814 ; free virtual = 14664
---------------------------------------------------------------------------------
INFO: [Synth 8-638] synthesizing module 'top_module' [/home/dhep/vivado_proj/custom_clock2/custom_clock2.srcs/sources_1/new/top_module.vhd:39]
INFO: [Synth 8-3491] module 'slow_gen' declared at '/home/dhep/vivado_proj/custom_clock2/custom_clock2.srcs/sources_1/new/slow_gen.vhd:34' bound to instance 'comp1' of component 'slow_gen' [/home/dhep/vivado_proj/custom_clock2/custom_clock2.srcs/sources_1/new/top_module.vhd:54]
INFO: [Synth 8-638] synthesizing module 'slow_gen' [/home/dhep/vivado_proj/custom_clock2/custom_clock2.srcs/sources_1/new/slow_gen.vhd:39]
INFO: [Synth 8-256] done synthesizing module 'slow_gen' (0#1) [/home/dhep/vivado_proj/custom_clock2/custom_clock2.srcs/sources_1/new/slow_gen.vhd:39]
INFO: [Synth 8-3491] module 'blinker' declared at '/home/dhep/vivado_proj/custom_clock2/custom_clock2.srcs/sources_1/new/blinker.vhd:34' bound to instance 'comp2' of component 'blinker' [/home/dhep/vivado_proj/custom_clock2/custom_clock2.srcs/sources_1/new/top_module.vhd:57]
INFO: [Synth 8-638] synthesizing module 'blinker' [/home/dhep/vivado_proj/custom_clock2/custom_clock2.srcs/sources_1/new/blinker.vhd:39]
INFO: [Synth 8-256] done synthesizing module 'blinker' (0#1) [/home/dhep/vivado_proj/custom_clock2/custom_clock2.srcs/sources_1/new/blinker.vhd:39]
INFO: [Synth 8-256] done synthesizing module 'top_module' (0#1) [/home/dhep/vivado_proj/custom_clock2/custom_clock2.srcs/sources_1/new/top_module.vhd:39]
---------------------------------------------------------------------------------
Finished RTL Elaboration : Time (s): cpu = 00:00:09 ; elapsed = 00:00:10 . Memory (MB): peak = 2105.559 ; gain = 443.738 ; free physical = 3729 ; free virtual = 14582
---------------------------------------------------------------------------------
---------------------------------------------------------------------------------
Start Handling Custom Attributes
---------------------------------------------------------------------------------
---------------------------------------------------------------------------------
Finished Handling Custom Attributes : Time (s): cpu = 00:00:09 ; elapsed = 00:00:10 . Memory (MB): peak = 2123.371 ; gain = 461.551 ; free physical = 3727 ; free virtual = 14580
---------------------------------------------------------------------------------
---------------------------------------------------------------------------------
Finished RTL Optimization Phase 1 : Time (s): cpu = 00:00:09 ; elapsed = 00:00:10 . Memory (MB): peak = 2123.371 ; gain = 461.551 ; free physical = 3727 ; free virtual = 14580
---------------------------------------------------------------------------------
Netlist sorting complete. Time (s): cpu = 00:00:00 ; elapsed = 00:00:00 . Memory (MB): peak = 2123.371 ; gain = 0.000 ; free physical = 3726 ; free virtual = 14580
INFO: [Project 1-570] Preparing netlist for logic optimization

Processing XDC Constraints
Initializing timing engine
Parsing XDC File [/home/dhep/vivado_proj/custom_clock2/custom_clock2.srcs/constrs_1/imports/digilent-xdc-master/Nexys-A7-100T-Master.xdc]
Finished Parsing XDC File [/home/dhep/vivado_proj/custom_clock2/custom_clock2.srcs/constrs_1/imports/digilent-xdc-master/Nexys-A7-100T-Master.xdc]
INFO: [Project 1-236] Implementation specific constraints were found while reading constraint file [/home/dhep/vivado_proj/custom_clock2/custom_clock2.srcs/constrs_1/imports/digilent-xdc-master/Nexys-A7-100T-Master.xdc]. These constraints will be ignored for synthesis but will be used in implementation. Impacted constraints are listed in the file [.Xil/top_module_propImpl.xdc].
Resolution: To avoid this warning, move constraints listed in [.Xil/top_module_propImpl.xdc] to another XDC file and exclude this new file from synthesis with the used_in_synthesis property (File Properties dialog in GUI) and re-run elaboration/synthesis.
Completed Processing XDC Constraints

Netlist sorting complete. Time (s): cpu = 00:00:00 ; elapsed = 00:00:00 . Memory (MB): peak = 2239.121 ; gain = 0.000 ; free physical = 3703 ; free virtual = 14570
INFO: [Project 1-111] Unisim Transformation Summary:
No Unisim elements were transformed.

Constraint Validation Runtime : Time (s): cpu = 00:00:00 ; elapsed = 00:00:00 . Memory (MB): peak = 2239.121 ; gain = 0.000 ; free physical = 3703 ; free virtual = 14570
INFO: [Designutils 20-5440] No compile time benefit to using incremental synthesis; A full resynthesis will be run
INFO: [Designutils 20-4379] Flow is switching to default flow due to incremental criteria not met. If you would like to alter this behaviour and have the flow terminate instead, please set the following parameter config_implementation {autoIncr.Synth.RejectBehavior Terminate}
---------------------------------------------------------------------------------
Finished Constraint Validation : Time (s): cpu = 00:00:19 ; elapsed = 00:00:21 . Memory (MB): peak = 2239.121 ; gain = 577.301 ; free physical = 3701 ; free virtual = 14569
---------------------------------------------------------------------------------
---------------------------------------------------------------------------------
Start Loading Part and Timing Information
---------------------------------------------------------------------------------
Loading part: xc7a100tcsg324-1
---------------------------------------------------------------------------------
Finished Loading Part and Timing Information : Time (s): cpu = 00:00:19 ; elapsed = 00:00:21 . Memory (MB): peak = 2239.121 ; gain = 577.301 ; free physical = 3701 ; free virtual = 14569
---------------------------------------------------------------------------------
---------------------------------------------------------------------------------
Start Applying 'set_property' XDC Constraints
---------------------------------------------------------------------------------
---------------------------------------------------------------------------------
Finished applying 'set_property' XDC Constraints : Time (s): cpu = 00:00:19 ; elapsed = 00:00:21 . Memory (MB): peak = 2239.121 ; gain = 577.301 ; free physical = 3701 ; free virtual = 14569
---------------------------------------------------------------------------------
---------------------------------------------------------------------------------
Finished RTL Optimization Phase 2 : Time (s): cpu = 00:00:19 ; elapsed = 00:00:21 . Memory (MB): peak = 2239.121 ; gain = 577.301 ; free physical = 3700 ; free virtual = 14568
---------------------------------------------------------------------------------
---------------------------------------------------------------------------------
Start RTL Component Statistics 
---------------------------------------------------------------------------------
Detailed RTL Component Info : 
+---Registers : 
	                1 Bit    Registers := 2     
---------------------------------------------------------------------------------
Finished RTL Component Statistics 
---------------------------------------------------------------------------------
---------------------------------------------------------------------------------
Start Part Resource Summary
---------------------------------------------------------------------------------
Part Resources:
DSPs: 240 (col length:80)
BRAMs: 270 (col length: RAMB18 80 RAMB36 40)
---------------------------------------------------------------------------------
Finished Part Resource Summary
---------------------------------------------------------------------------------
---------------------------------------------------------------------------------
Start Cross Boundary and Area Optimization
---------------------------------------------------------------------------------
WARNING: [Synth 8-7080] Parallel synthesis criteria is not met
---------------------------------------------------------------------------------
Finished Cross Boundary and Area Optimization : Time (s): cpu = 00:00:21 ; elapsed = 00:00:23 . Memory (MB): peak = 2239.121 ; gain = 577.301 ; free physical = 3693 ; free virtual = 14567
---------------------------------------------------------------------------------
---------------------------------------------------------------------------------
Start Applying XDC Timing Constraints
---------------------------------------------------------------------------------
---------------------------------------------------------------------------------
Finished Applying XDC Timing Constraints : Time (s): cpu = 00:00:28 ; elapsed = 00:00:31 . Memory (MB): peak = 2239.121 ; gain = 577.301 ; free physical = 3686 ; free virtual = 14567
---------------------------------------------------------------------------------
---------------------------------------------------------------------------------
Start Timing Optimization
---------------------------------------------------------------------------------
---------------------------------------------------------------------------------
Finished Timing Optimization : Time (s): cpu = 00:00:29 ; elapsed = 00:00:31 . Memory (MB): peak = 2239.121 ; gain = 577.301 ; free physical = 3686 ; free virtual = 14567
---------------------------------------------------------------------------------
---------------------------------------------------------------------------------
Start Technology Mapping
---------------------------------------------------------------------------------
---------------------------------------------------------------------------------
Finished Technology Mapping : Time (s): cpu = 00:00:29 ; elapsed = 00:00:31 . Memory (MB): peak = 2239.121 ; gain = 577.301 ; free physical = 3686 ; free virtual = 14567
---------------------------------------------------------------------------------
---------------------------------------------------------------------------------
Start IO Insertion
---------------------------------------------------------------------------------
---------------------------------------------------------------------------------
Start Flattening Before IO Insertion
---------------------------------------------------------------------------------
---------------------------------------------------------------------------------
Finished Flattening Before IO Insertion
---------------------------------------------------------------------------------
---------------------------------------------------------------------------------
Start Final Netlist Cleanup
---------------------------------------------------------------------------------
---------------------------------------------------------------------------------
Finished Final Netlist Cleanup
---------------------------------------------------------------------------------
---------------------------------------------------------------------------------
Finished IO Insertion : Time (s): cpu = 00:00:34 ; elapsed = 00:00:37 . Memory (MB): peak = 2239.121 ; gain = 577.301 ; free physical = 3685 ; free virtual = 14566
---------------------------------------------------------------------------------
---------------------------------------------------------------------------------
Start Renaming Generated Instances
---------------------------------------------------------------------------------
---------------------------------------------------------------------------------
Finished Renaming Generated Instances : Time (s): cpu = 00:00:34 ; elapsed = 00:00:37 . Memory (MB): peak = 2239.121 ; gain = 577.301 ; free physical = 3685 ; free virtual = 14566
---------------------------------------------------------------------------------
---------------------------------------------------------------------------------
Start Rebuilding User Hierarchy
---------------------------------------------------------------------------------
---------------------------------------------------------------------------------
Finished Rebuilding User Hierarchy : Time (s): cpu = 00:00:34 ; elapsed = 00:00:37 . Memory (MB): peak = 2239.121 ; gain = 577.301 ; free physical = 3685 ; free virtual = 14566
---------------------------------------------------------------------------------
---------------------------------------------------------------------------------
Start Renaming Generated Ports
---------------------------------------------------------------------------------
---------------------------------------------------------------------------------
Finished Renaming Generated Ports : Time (s): cpu = 00:00:34 ; elapsed = 00:00:37 . Memory (MB): peak = 2239.121 ; gain = 577.301 ; free physical = 3685 ; free virtual = 14566
---------------------------------------------------------------------------------
---------------------------------------------------------------------------------
Start Handling Custom Attributes
---------------------------------------------------------------------------------
---------------------------------------------------------------------------------
Finished Handling Custom Attributes : Time (s): cpu = 00:00:34 ; elapsed = 00:00:37 . Memory (MB): peak = 2239.121 ; gain = 577.301 ; free physical = 3685 ; free virtual = 14566
---------------------------------------------------------------------------------
---------------------------------------------------------------------------------
Start Renaming Generated Nets
---------------------------------------------------------------------------------
---------------------------------------------------------------------------------
Finished Renaming Generated Nets : Time (s): cpu = 00:00:34 ; elapsed = 00:00:37 . Memory (MB): peak = 2239.121 ; gain = 577.301 ; free physical = 3685 ; free virtual = 14566
---------------------------------------------------------------------------------
---------------------------------------------------------------------------------
Start Writing Synthesis Report
---------------------------------------------------------------------------------

Report BlackBoxes: 
+-+--------------+----------+
| |BlackBox name |Instances |
+-+--------------+----------+
+-+--------------+----------+

Report Cell Usage: 
+------+-------+------+
|      |Cell   |Count |
+------+-------+------+
|1     |BUFG   |     1|
|2     |CARRY4 |     7|
|3     |LUT1   |     2|
|4     |LUT2   |     1|
|5     |LUT3   |     1|
|6     |LUT4   |     1|
|7     |LUT6   |     4|
|8     |FDRE   |    28|
|9     |IBUF   |     1|
|10    |OBUF   |     1|
+------+-------+------+
---------------------------------------------------------------------------------
Finished Writing Synthesis Report : Time (s): cpu = 00:00:34 ; elapsed = 00:00:37 . Memory (MB): peak = 2239.121 ; gain = 577.301 ; free physical = 3685 ; free virtual = 14566
---------------------------------------------------------------------------------
Synthesis finished with 0 errors, 0 critical warnings and 1 warnings.
Synthesis Optimization Runtime : Time (s): cpu = 00:00:32 ; elapsed = 00:00:33 . Memory (MB): peak = 2239.121 ; gain = 461.551 ; free physical = 3685 ; free virtual = 14566
Synthesis Optimization Complete : Time (s): cpu = 00:00:34 ; elapsed = 00:00:37 . Memory (MB): peak = 2239.121 ; gain = 577.301 ; free physical = 3685 ; free virtual = 14566
INFO: [Project 1-571] Translating synthesized netlist
Netlist sorting complete. Time (s): cpu = 00:00:00 ; elapsed = 00:00:00 . Memory (MB): peak = 2239.121 ; gain = 0.000 ; free physical = 3684 ; free virtual = 14566
INFO: [Netlist 29-17] Analyzing 7 Unisim elements for replacement
INFO: [Netlist 29-28] Unisim Transformation completed in 0 CPU seconds
INFO: [Project 1-570] Preparing netlist for logic optimization
INFO: [Opt 31-138] Pushed 0 inverter(s) to 0 load pin(s).
Netlist sorting complete. Time (s): cpu = 00:00:00 ; elapsed = 00:00:00 . Memory (MB): peak = 2239.121 ; gain = 0.000 ; free physical = 3945 ; free virtual = 14828
INFO: [Project 1-111] Unisim Transformation Summary:
No Unisim elements were transformed.

Synth Design complete | Checksum: 9ba81628
INFO: [Common 17-83] Releasing license: Synthesis
29 Infos, 1 Warnings, 0 Critical Warnings and 0 Errors encountered.
synth_design completed successfully
synth_design: Time (s): cpu = 00:00:45 ; elapsed = 00:00:45 . Memory (MB): peak = 2239.121 ; gain = 902.434 ; free physical = 3945 ; free virtual = 14828
INFO: [Common 17-2834] synth_design peak Physical Memory [PSS] (MB): overall = 1779.444; main = 1474.501; forked = 357.199
INFO: [Common 17-2834] synth_design peak Virtual Memory [VSS] (MB): overall = 3180.312; main = 2207.109; forked = 973.203
INFO: [Common 17-1381] The checkpoint '/home/dhep/vivado_proj/custom_clock2/custom_clock2.runs/synth_1/top_module.dcp' has been generated.
INFO: [runtcl-4] Executing : report_utilization -file top_module_utilization_synth.rpt -pb top_module_utilization_synth.pb
INFO: [Common 17-206] Exiting Vivado at Wed Oct 11 09:43:19 2023...
