Copyright 1986-2022 Xilinx, Inc. All Rights Reserved. Copyright 2022-2023 Advanced Micro Devices, Inc. All Rights Reserved.
---------------------------------------------------------------------------------------------------------------------------------------------
| Tool Version : Vivado v.2023.1 (lin64) Build 3865809 Sun May  7 15:04:56 MDT 2023
| Date         : Fri Dec  1 11:37:58 2023
| Host         : dhep-sipm running 64-bit Ubuntu 22.04.3 LTS
| Command      : report_control_sets -verbose -file uart_tx_control_sets_placed.rpt
| Design       : uart_tx
| Device       : xc7a100t
---------------------------------------------------------------------------------------------------------------------------------------------

Control Set Information

Table of Contents
-----------------
1. Summary
2. Histogram
3. Flip-Flop Distribution
4. Detailed Control Set Information

1. Summary
----------

+----------------------------------------------------------+-------+
|                          Status                          | Count |
+----------------------------------------------------------+-------+
| Total control sets                                       |     7 |
|    Minimum number of control sets                        |     7 |
|    Addition due to synthesis replication                 |     0 |
|    Addition due to physical synthesis replication        |     0 |
| Unused register locations in slices containing registers |    34 |
+----------------------------------------------------------+-------+
* Control sets can be merged at opt_design using control_set_merge or merge_equivalent_drivers
** Run report_qor_suggestions for automated merging and remapping suggestions


2. Histogram
------------

+--------------------+-------+
|       Fanout       | Count |
+--------------------+-------+
| Total control sets |     7 |
| >= 0 to < 4        |     5 |
| >= 4 to < 6        |     1 |
| >= 6 to < 8        |     0 |
| >= 8 to < 10       |     0 |
| >= 10 to < 12      |     0 |
| >= 12 to < 14      |     0 |
| >= 14 to < 16      |     0 |
| >= 16              |     1 |
+--------------------+-------+
* Control sets can be remapped at either synth_design or opt_design


3. Flip-Flop Distribution
-------------------------

+--------------+-----------------------+------------------------+-----------------+--------------+
| Clock Enable | Synchronous Set/Reset | Asynchronous Set/Reset | Total Registers | Total Slices |
+--------------+-----------------------+------------------------+-----------------+--------------+
| No           | No                    | No                     |               7 |            5 |
| No           | No                    | Yes                    |              43 |           10 |
| No           | Yes                   | No                     |               0 |            0 |
| Yes          | No                    | No                     |               0 |            0 |
| Yes          | No                    | Yes                    |               4 |            1 |
| Yes          | Yes                   | No                     |               0 |            0 |
+--------------+-----------------------+------------------------+-----------------+--------------+


4. Detailed Control Set Information
-----------------------------------

+-------------------------+-------------------------------------+------------------+------------------+----------------+--------------+
|       Clock Signal      |            Enable Signal            | Set/Reset Signal | Slice Load Count | Bel Load Count | Bels / Slice |
+-------------------------+-------------------------------------+------------------+------------------+----------------+--------------+
|  packet_send_f1__0      |                                     |                  |                1 |              1 |         1.00 |
|  tx_done_reg_i_1_n_0    |                                     |                  |                1 |              1 |         1.00 |
|  clk_IBUF_BUFG          |                                     |                  |                2 |              2 |         1.00 |
|  clk_baudrate_reg_n_0   |                                     | reset_IBUF       |                1 |              3 |         3.00 |
|  data_select_counter__0 |                                     |                  |                1 |              3 |         3.00 |
|  clk_baudrate_reg_n_0   | FSM_onehot_present_state[3]_i_1_n_0 | reset_IBUF       |                1 |              4 |         4.00 |
|  clk_IBUF_BUFG          |                                     | reset_IBUF       |                9 |             40 |         4.44 |
+-------------------------+-------------------------------------+------------------+------------------+----------------+--------------+


