Copyright 1986-2022 Xilinx, Inc. All Rights Reserved. Copyright 2022-2023 Advanced Micro Devices, Inc. All Rights Reserved.
---------------------------------------------------------------------------------------------------------------------------------------------
| Tool Version : Vivado v.2023.1 (lin64) Build 3865809 Sun May  7 15:04:56 MDT 2023
| Date         : Wed Dec 20 16:09:41 2023
| Host         : dhep-sipm running 64-bit Ubuntu 22.04.3 LTS
| Command      : report_control_sets -verbose -file temp_sensor_adt7420_control_sets_placed.rpt
| Design       : temp_sensor_adt7420
| Device       : xc7a100t
---------------------------------------------------------------------------------------------------------------------------------------------

Control Set Information

Table of Contents
-----------------
1. Summary
2. Histogram
3. Flip-Flop Distribution
4. Detailed Control Set Information

1. Summary
----------

+----------------------------------------------------------+-------+
|                          Status                          | Count |
+----------------------------------------------------------+-------+
| Total control sets                                       |    11 |
|    Minimum number of control sets                        |    11 |
|    Addition due to synthesis replication                 |     0 |
|    Addition due to physical synthesis replication        |     0 |
| Unused register locations in slices containing registers |    18 |
+----------------------------------------------------------+-------+
* Control sets can be merged at opt_design using control_set_merge or merge_equivalent_drivers
** Run report_qor_suggestions for automated merging and remapping suggestions


2. Histogram
------------

+--------------------+-------+
|       Fanout       | Count |
+--------------------+-------+
| Total control sets |    11 |
| >= 0 to < 4        |     1 |
| >= 4 to < 6        |     0 |
| >= 6 to < 8        |     2 |
| >= 8 to < 10       |     5 |
| >= 10 to < 12      |     0 |
| >= 12 to < 14      |     0 |
| >= 14 to < 16      |     1 |
| >= 16              |     2 |
+--------------------+-------+
* Control sets can be remapped at either synth_design or opt_design


3. Flip-Flop Distribution
-------------------------

+--------------+-----------------------+------------------------+-----------------+--------------+
| Clock Enable | Synchronous Set/Reset | Asynchronous Set/Reset | Total Registers | Total Slices |
+--------------+-----------------------+------------------------+-----------------+--------------+
| No           | No                    | No                     |              18 |            8 |
| No           | No                    | Yes                    |               6 |            2 |
| No           | Yes                   | No                     |              23 |            9 |
| Yes          | No                    | No                     |              16 |            6 |
| Yes          | No                    | Yes                    |              39 |           13 |
| Yes          | Yes                   | No                     |               8 |            2 |
+--------------+-----------------------+------------------------+-----------------+--------------+


4. Detailed Control Set Information
-----------------------------------

+----------------------------------+------------------------------------------+----------------------------------------+------------------+----------------+--------------+
|           Clock Signal           |               Enable Signal              |            Set/Reset Signal            | Slice Load Count | Bel Load Count | Bels / Slice |
+----------------------------------+------------------------------------------+----------------------------------------+------------------+----------------+--------------+
|  FSM_onehot_state_reg[8]_i_3_n_0 |                                          |                                        |                2 |              3 |         1.50 |
|  clk_IBUF_BUFG                   |                                          |                                        |                4 |              6 |         1.50 |
|  clk_IBUF_BUFG                   |                                          | i2c_master_0/SR[0]                     |                2 |              6 |         3.00 |
|  FSM_onehot_state_reg[8]_i_3_n_0 | i2c_master_0/FSM_onehot_state[7]_i_1_n_0 | i2c_master_0/SR[0]                     |                2 |              8 |         4.00 |
|  clk_IBUF_BUFG                   |                                          | i2c_master_0/scl_proc.count[7]_i_1_n_0 |                3 |              8 |         2.67 |
|  clk_IBUF_BUFG                   | i2c_master_0/E[1]                        |                                        |                2 |              8 |         4.00 |
|  clk_IBUF_BUFG                   | i2c_master_0/E[0]                        |                                        |                4 |              8 |         2.00 |
| ~FSM_onehot_state_reg[8]_i_3_n_0 |                                          |                                        |                2 |              9 |         4.50 |
|  FSM_onehot_state_reg[8]_i_3_n_0 |                                          | i2c_master_0/SR[0]                     |                6 |             15 |         2.50 |
|  clk_IBUF_BUFG                   | temperature[15]_i_1_n_0                  | i2c_master_0/SR[0]                     |                5 |             16 |         3.20 |
|  clk_IBUF_BUFG                   | state__0[0]                              | i2c_master_0/SR[0]                     |                8 |             23 |         2.88 |
+----------------------------------+------------------------------------------+----------------------------------------+------------------+----------------+--------------+


