
*** Running vivado
    with args -log debounce.vds -m64 -product Vivado -mode batch -messageDb vivado.pb -notrace -source debounce.tcl


****** Vivado v2023.1 (64-bit)
  **** SW Build 3865809 on Sun May  7 15:04:56 MDT 2023
  **** IP Build 3864474 on Sun May  7 20:36:21 MDT 2023
  **** SharedData Build 3865790 on Sun May 07 13:33:03 MDT 2023
    ** Copyright 1986-2022 Xilinx, Inc. All Rights Reserved.
    ** Copyright 2022-2023 Advanced Micro Devices, Inc. All Rights Reserved.

source debounce.tcl -notrace
create_project: Time (s): cpu = 00:00:16 ; elapsed = 00:00:16 . Memory (MB): peak = 1334.828 ; gain = 0.023 ; free physical = 1643 ; free virtual = 11559
Command: read_checkpoint -auto_incremental -incremental /home/dhep/vivado_proj/debounce_button/debounce_button.srcs/utils_1/imports/synth_1/debounce.dcp
INFO: [Vivado 12-5825] Read reference checkpoint from /home/dhep/vivado_proj/debounce_button/debounce_button.srcs/utils_1/imports/synth_1/debounce.dcp for incremental synthesis
INFO: [Vivado 12-7989] Please ensure there are no constraint changes
Command: synth_design -top debounce -part xc7a100tcsg324-1
Starting synth_design
Attempting to get a license for feature 'Synthesis' and/or device 'xc7a100t'
INFO: [Common 17-349] Got license for feature 'Synthesis' and/or device 'xc7a100t'
INFO: [Device 21-403] Loading part xc7a100tcsg324-1
INFO: [Designutils 20-5440] No compile time benefit to using incremental synthesis; A full resynthesis will be run
INFO: [Designutils 20-4379] Flow is switching to default flow due to incremental criteria not met. If you would like to alter this behaviour and have the flow terminate instead, please set the following parameter config_implementation {autoIncr.Synth.RejectBehavior Terminate}
INFO: [Synth 8-7079] Multithreading enabled for synth_design using a maximum of 4 processes.
INFO: [Synth 8-7078] Launching helper process for spawning children vivado processes
INFO: [Synth 8-7075] Helper process launched with PID 163232
---------------------------------------------------------------------------------
Starting RTL Elaboration : Time (s): cpu = 00:00:06 ; elapsed = 00:00:07 . Memory (MB): peak = 2039.730 ; gain = 379.770 ; free physical = 700 ; free virtual = 10615
---------------------------------------------------------------------------------
INFO: [Synth 8-638] synthesizing module 'debounce' [/home/dhep/vivado_proj/debounce_button/debounce_button.srcs/sources_1/new/debounce.vhd:44]
WARNING: [Synth 8-614] signal 'button' is read in the process but is not in the sensitivity list [/home/dhep/vivado_proj/debounce_button/debounce_button.srcs/sources_1/new/debounce.vhd:54]
INFO: [Synth 8-256] done synthesizing module 'debounce' (0#1) [/home/dhep/vivado_proj/debounce_button/debounce_button.srcs/sources_1/new/debounce.vhd:44]
---------------------------------------------------------------------------------
Finished RTL Elaboration : Time (s): cpu = 00:00:09 ; elapsed = 00:00:09 . Memory (MB): peak = 2105.699 ; gain = 445.738 ; free physical = 611 ; free virtual = 10527
---------------------------------------------------------------------------------
---------------------------------------------------------------------------------
Start Handling Custom Attributes
---------------------------------------------------------------------------------
---------------------------------------------------------------------------------
Finished Handling Custom Attributes : Time (s): cpu = 00:00:09 ; elapsed = 00:00:09 . Memory (MB): peak = 2123.512 ; gain = 463.551 ; free physical = 607 ; free virtual = 10523
---------------------------------------------------------------------------------
---------------------------------------------------------------------------------
Finished RTL Optimization Phase 1 : Time (s): cpu = 00:00:09 ; elapsed = 00:00:09 . Memory (MB): peak = 2123.512 ; gain = 463.551 ; free physical = 607 ; free virtual = 10523
---------------------------------------------------------------------------------
Netlist sorting complete. Time (s): cpu = 00:00:00 ; elapsed = 00:00:00 . Memory (MB): peak = 2123.512 ; gain = 0.000 ; free physical = 607 ; free virtual = 10523
INFO: [Project 1-570] Preparing netlist for logic optimization

Processing XDC Constraints
Initializing timing engine
Parsing XDC File [/home/dhep/vivado_proj/debounce_button/debounce_button.srcs/constrs_1/imports/digilent-xdc-master/Nexys-A7-100T-Master.xdc]
Finished Parsing XDC File [/home/dhep/vivado_proj/debounce_button/debounce_button.srcs/constrs_1/imports/digilent-xdc-master/Nexys-A7-100T-Master.xdc]
INFO: [Project 1-236] Implementation specific constraints were found while reading constraint file [/home/dhep/vivado_proj/debounce_button/debounce_button.srcs/constrs_1/imports/digilent-xdc-master/Nexys-A7-100T-Master.xdc]. These constraints will be ignored for synthesis but will be used in implementation. Impacted constraints are listed in the file [.Xil/debounce_propImpl.xdc].
Resolution: To avoid this warning, move constraints listed in [.Xil/debounce_propImpl.xdc] to another XDC file and exclude this new file from synthesis with the used_in_synthesis property (File Properties dialog in GUI) and re-run elaboration/synthesis.
Completed Processing XDC Constraints

Netlist sorting complete. Time (s): cpu = 00:00:00 ; elapsed = 00:00:00 . Memory (MB): peak = 2250.262 ; gain = 0.000 ; free physical = 599 ; free virtual = 10515
INFO: [Project 1-111] Unisim Transformation Summary:
No Unisim elements were transformed.

Constraint Validation Runtime : Time (s): cpu = 00:00:00 ; elapsed = 00:00:00 . Memory (MB): peak = 2250.262 ; gain = 0.000 ; free physical = 599 ; free virtual = 10515
INFO: [Designutils 20-5440] No compile time benefit to using incremental synthesis; A full resynthesis will be run
INFO: [Designutils 20-4379] Flow is switching to default flow due to incremental criteria not met. If you would like to alter this behaviour and have the flow terminate instead, please set the following parameter config_implementation {autoIncr.Synth.RejectBehavior Terminate}
---------------------------------------------------------------------------------
Finished Constraint Validation : Time (s): cpu = 00:00:19 ; elapsed = 00:00:20 . Memory (MB): peak = 2250.262 ; gain = 590.301 ; free physical = 595 ; free virtual = 10511
---------------------------------------------------------------------------------
---------------------------------------------------------------------------------
Start Loading Part and Timing Information
---------------------------------------------------------------------------------
Loading part: xc7a100tcsg324-1
---------------------------------------------------------------------------------
Finished Loading Part and Timing Information : Time (s): cpu = 00:00:19 ; elapsed = 00:00:20 . Memory (MB): peak = 2250.262 ; gain = 590.301 ; free physical = 594 ; free virtual = 10510
---------------------------------------------------------------------------------
---------------------------------------------------------------------------------
Start Applying 'set_property' XDC Constraints
---------------------------------------------------------------------------------
---------------------------------------------------------------------------------
Finished applying 'set_property' XDC Constraints : Time (s): cpu = 00:00:19 ; elapsed = 00:00:20 . Memory (MB): peak = 2250.262 ; gain = 590.301 ; free physical = 592 ; free virtual = 10508
---------------------------------------------------------------------------------
---------------------------------------------------------------------------------
Finished RTL Optimization Phase 2 : Time (s): cpu = 00:00:20 ; elapsed = 00:00:20 . Memory (MB): peak = 2250.262 ; gain = 590.301 ; free physical = 583 ; free virtual = 10500
---------------------------------------------------------------------------------
---------------------------------------------------------------------------------
Start RTL Component Statistics 
---------------------------------------------------------------------------------
Detailed RTL Component Info : 
+---Adders : 
	   2 Input   20 Bit       Adders := 1     
+---XORs : 
	   2 Input      1 Bit         XORs := 1     
+---Registers : 
	               20 Bit    Registers := 1     
	                2 Bit    Registers := 1     
	                1 Bit    Registers := 2     
+---Muxes : 
	   2 Input   20 Bit        Muxes := 1     
---------------------------------------------------------------------------------
Finished RTL Component Statistics 
---------------------------------------------------------------------------------
---------------------------------------------------------------------------------
Start Part Resource Summary
---------------------------------------------------------------------------------
Part Resources:
DSPs: 240 (col length:80)
BRAMs: 270 (col length: RAMB18 80 RAMB36 40)
---------------------------------------------------------------------------------
Finished Part Resource Summary
---------------------------------------------------------------------------------
---------------------------------------------------------------------------------
Start Cross Boundary and Area Optimization
---------------------------------------------------------------------------------
WARNING: [Synth 8-7080] Parallel synthesis criteria is not met
---------------------------------------------------------------------------------
Finished Cross Boundary and Area Optimization : Time (s): cpu = 00:00:22 ; elapsed = 00:00:22 . Memory (MB): peak = 2250.262 ; gain = 590.301 ; free physical = 570 ; free virtual = 10490
---------------------------------------------------------------------------------
---------------------------------------------------------------------------------
Start Applying XDC Timing Constraints
---------------------------------------------------------------------------------
---------------------------------------------------------------------------------
Finished Applying XDC Timing Constraints : Time (s): cpu = 00:00:30 ; elapsed = 00:00:30 . Memory (MB): peak = 2250.262 ; gain = 590.301 ; free physical = 653 ; free virtual = 10569
---------------------------------------------------------------------------------
---------------------------------------------------------------------------------
Start Timing Optimization
---------------------------------------------------------------------------------
---------------------------------------------------------------------------------
Finished Timing Optimization : Time (s): cpu = 00:00:30 ; elapsed = 00:00:31 . Memory (MB): peak = 2250.262 ; gain = 590.301 ; free physical = 652 ; free virtual = 10569
---------------------------------------------------------------------------------
---------------------------------------------------------------------------------
Start Technology Mapping
---------------------------------------------------------------------------------
---------------------------------------------------------------------------------
Finished Technology Mapping : Time (s): cpu = 00:00:30 ; elapsed = 00:00:31 . Memory (MB): peak = 2250.262 ; gain = 590.301 ; free physical = 652 ; free virtual = 10569
---------------------------------------------------------------------------------
---------------------------------------------------------------------------------
Start IO Insertion
---------------------------------------------------------------------------------
---------------------------------------------------------------------------------
Start Flattening Before IO Insertion
---------------------------------------------------------------------------------
---------------------------------------------------------------------------------
Finished Flattening Before IO Insertion
---------------------------------------------------------------------------------
---------------------------------------------------------------------------------
Start Final Netlist Cleanup
---------------------------------------------------------------------------------
---------------------------------------------------------------------------------
Finished Final Netlist Cleanup
---------------------------------------------------------------------------------
---------------------------------------------------------------------------------
Finished IO Insertion : Time (s): cpu = 00:00:36 ; elapsed = 00:00:36 . Memory (MB): peak = 2250.262 ; gain = 590.301 ; free physical = 651 ; free virtual = 10568
---------------------------------------------------------------------------------
---------------------------------------------------------------------------------
Start Renaming Generated Instances
---------------------------------------------------------------------------------
---------------------------------------------------------------------------------
Finished Renaming Generated Instances : Time (s): cpu = 00:00:36 ; elapsed = 00:00:36 . Memory (MB): peak = 2250.262 ; gain = 590.301 ; free physical = 651 ; free virtual = 10568
---------------------------------------------------------------------------------
---------------------------------------------------------------------------------
Start Rebuilding User Hierarchy
---------------------------------------------------------------------------------
---------------------------------------------------------------------------------
Finished Rebuilding User Hierarchy : Time (s): cpu = 00:00:36 ; elapsed = 00:00:36 . Memory (MB): peak = 2250.262 ; gain = 590.301 ; free physical = 651 ; free virtual = 10568
---------------------------------------------------------------------------------
---------------------------------------------------------------------------------
Start Renaming Generated Ports
---------------------------------------------------------------------------------
---------------------------------------------------------------------------------
Finished Renaming Generated Ports : Time (s): cpu = 00:00:36 ; elapsed = 00:00:36 . Memory (MB): peak = 2250.262 ; gain = 590.301 ; free physical = 651 ; free virtual = 10568
---------------------------------------------------------------------------------
---------------------------------------------------------------------------------
Start Handling Custom Attributes
---------------------------------------------------------------------------------
---------------------------------------------------------------------------------
Finished Handling Custom Attributes : Time (s): cpu = 00:00:36 ; elapsed = 00:00:36 . Memory (MB): peak = 2250.262 ; gain = 590.301 ; free physical = 651 ; free virtual = 10568
---------------------------------------------------------------------------------
---------------------------------------------------------------------------------
Start Renaming Generated Nets
---------------------------------------------------------------------------------
---------------------------------------------------------------------------------
Finished Renaming Generated Nets : Time (s): cpu = 00:00:36 ; elapsed = 00:00:36 . Memory (MB): peak = 2250.262 ; gain = 590.301 ; free physical = 651 ; free virtual = 10568
---------------------------------------------------------------------------------
---------------------------------------------------------------------------------
Start Writing Synthesis Report
---------------------------------------------------------------------------------

Report BlackBoxes: 
+-+--------------+----------+
| |BlackBox name |Instances |
+-+--------------+----------+
+-+--------------+----------+

Report Cell Usage: 
+------+-------+------+
|      |Cell   |Count |
+------+-------+------+
|1     |BUFG   |     1|
|2     |CARRY4 |     5|
|3     |LUT1   |     1|
|4     |LUT2   |     1|
|5     |LUT4   |     5|
|6     |LUT6   |    20|
|7     |FDRE   |    23|
|8     |FDSE   |     1|
|9     |IBUF   |     2|
|10    |OBUF   |     3|
+------+-------+------+
---------------------------------------------------------------------------------
Finished Writing Synthesis Report : Time (s): cpu = 00:00:36 ; elapsed = 00:00:36 . Memory (MB): peak = 2250.262 ; gain = 590.301 ; free physical = 651 ; free virtual = 10568
---------------------------------------------------------------------------------
Synthesis finished with 0 errors, 0 critical warnings and 1 warnings.
Synthesis Optimization Runtime : Time (s): cpu = 00:00:33 ; elapsed = 00:00:34 . Memory (MB): peak = 2250.262 ; gain = 463.551 ; free physical = 651 ; free virtual = 10568
Synthesis Optimization Complete : Time (s): cpu = 00:00:36 ; elapsed = 00:00:37 . Memory (MB): peak = 2250.262 ; gain = 590.301 ; free physical = 651 ; free virtual = 10568
INFO: [Project 1-571] Translating synthesized netlist
Netlist sorting complete. Time (s): cpu = 00:00:00 ; elapsed = 00:00:00 . Memory (MB): peak = 2250.262 ; gain = 0.000 ; free physical = 765 ; free virtual = 10681
INFO: [Netlist 29-17] Analyzing 5 Unisim elements for replacement
INFO: [Netlist 29-28] Unisim Transformation completed in 5 CPU seconds
INFO: [Project 1-570] Preparing netlist for logic optimization
INFO: [Opt 31-138] Pushed 0 inverter(s) to 0 load pin(s).
Netlist sorting complete. Time (s): cpu = 00:00:00 ; elapsed = 00:00:00 . Memory (MB): peak = 2250.262 ; gain = 0.000 ; free physical = 915 ; free virtual = 10831
INFO: [Project 1-111] Unisim Transformation Summary:
No Unisim elements were transformed.

Synth Design complete | Checksum: 47a5eb29
INFO: [Common 17-83] Releasing license: Synthesis
23 Infos, 2 Warnings, 0 Critical Warnings and 0 Errors encountered.
synth_design completed successfully
synth_design: Time (s): cpu = 00:00:46 ; elapsed = 00:00:43 . Memory (MB): peak = 2250.262 ; gain = 915.434 ; free physical = 915 ; free virtual = 10831
INFO: [Common 17-2834] synth_design peak Physical Memory [PSS] (MB): overall = 1802.444; main = 1495.011; forked = 357.688
INFO: [Common 17-2834] synth_design peak Virtual Memory [VSS] (MB): overall = 3187.484; main = 2250.266; forked = 969.234
INFO: [Common 17-1381] The checkpoint '/home/dhep/vivado_proj/debounce_button/debounce_button.runs/synth_1/debounce.dcp' has been generated.
INFO: [runtcl-4] Executing : report_utilization -file debounce_utilization_synth.rpt -pb debounce_utilization_synth.pb
INFO: [Common 17-206] Exiting Vivado at Thu Oct 26 15:43:59 2023...
