
*** Running vivado
    with args -log uart_tx.vds -m64 -product Vivado -mode batch -messageDb vivado.pb -notrace -source uart_tx.tcl


****** Vivado v2023.1 (64-bit)
  **** SW Build 3865809 on Sun May  7 15:04:56 MDT 2023
  **** IP Build 3864474 on Sun May  7 20:36:21 MDT 2023
  **** SharedData Build 3865790 on Sun May 07 13:33:03 MDT 2023
    ** Copyright 1986-2022 Xilinx, Inc. All Rights Reserved.
    ** Copyright 2022-2023 Advanced Micro Devices, Inc. All Rights Reserved.

source uart_tx.tcl -notrace
create_project: Time (s): cpu = 00:00:17 ; elapsed = 00:00:17 . Memory (MB): peak = 1332.824 ; gain = 0.023 ; free physical = 1632 ; free virtual = 12702
Command: read_checkpoint -auto_incremental -incremental /home/dhep/vivado_proj/uart_tx_delay/uart_tx_delay.srcs/utils_1/imports/synth_1/uart_tx.dcp
INFO: [Vivado 12-5825] Read reference checkpoint from /home/dhep/vivado_proj/uart_tx_delay/uart_tx_delay.srcs/utils_1/imports/synth_1/uart_tx.dcp for incremental synthesis
INFO: [Vivado 12-7989] Please ensure there are no constraint changes
Command: synth_design -top uart_tx -part xc7a100tcsg324-1
Starting synth_design
Attempting to get a license for feature 'Synthesis' and/or device 'xc7a100t'
INFO: [Common 17-349] Got license for feature 'Synthesis' and/or device 'xc7a100t'
INFO: [Device 21-403] Loading part xc7a100tcsg324-1
INFO: [Designutils 20-5440] No compile time benefit to using incremental synthesis; A full resynthesis will be run
INFO: [Designutils 20-4379] Flow is switching to default flow due to incremental criteria not met. If you would like to alter this behaviour and have the flow terminate instead, please set the following parameter config_implementation {autoIncr.Synth.RejectBehavior Terminate}
INFO: [Synth 8-7079] Multithreading enabled for synth_design using a maximum of 4 processes.
INFO: [Synth 8-7078] Launching helper process for spawning children vivado processes
INFO: [Synth 8-7075] Helper process launched with PID 144128
---------------------------------------------------------------------------------
Starting RTL Elaboration : Time (s): cpu = 00:00:06 ; elapsed = 00:00:07 . Memory (MB): peak = 2041.664 ; gain = 377.770 ; free physical = 686 ; free virtual = 11756
---------------------------------------------------------------------------------
INFO: [Synth 8-638] synthesizing module 'uart_tx' [/home/dhep/vivado_proj/uart_tx_delay/uart_tx_delay.srcs/sources_1/new/uart_tx.vhd:47]
WARNING: [Synth 8-614] signal 'bit_index' is read in the process but is not in the sensitivity list [/home/dhep/vivado_proj/uart_tx_delay/uart_tx_delay.srcs/sources_1/new/uart_tx.vhd:109]
INFO: [Synth 8-256] done synthesizing module 'uart_tx' (0#1) [/home/dhep/vivado_proj/uart_tx_delay/uart_tx_delay.srcs/sources_1/new/uart_tx.vhd:47]
---------------------------------------------------------------------------------
Finished RTL Elaboration : Time (s): cpu = 00:00:09 ; elapsed = 00:00:09 . Memory (MB): peak = 2105.633 ; gain = 441.738 ; free physical = 598 ; free virtual = 11669
---------------------------------------------------------------------------------
---------------------------------------------------------------------------------
Start Handling Custom Attributes
---------------------------------------------------------------------------------
---------------------------------------------------------------------------------
Finished Handling Custom Attributes : Time (s): cpu = 00:00:09 ; elapsed = 00:00:09 . Memory (MB): peak = 2123.445 ; gain = 459.551 ; free physical = 595 ; free virtual = 11666
---------------------------------------------------------------------------------
---------------------------------------------------------------------------------
Finished RTL Optimization Phase 1 : Time (s): cpu = 00:00:09 ; elapsed = 00:00:09 . Memory (MB): peak = 2123.445 ; gain = 459.551 ; free physical = 595 ; free virtual = 11666
---------------------------------------------------------------------------------
Netlist sorting complete. Time (s): cpu = 00:00:00 ; elapsed = 00:00:00.01 . Memory (MB): peak = 2123.445 ; gain = 0.000 ; free physical = 595 ; free virtual = 11666
INFO: [Project 1-570] Preparing netlist for logic optimization

Processing XDC Constraints
Initializing timing engine
Parsing XDC File [/home/dhep/vivado_proj/uart_tx_delay/uart_tx_delay.srcs/constrs_1/imports/digilent-xdc-master/Nexys-A7-100T-Master.xdc]
Finished Parsing XDC File [/home/dhep/vivado_proj/uart_tx_delay/uart_tx_delay.srcs/constrs_1/imports/digilent-xdc-master/Nexys-A7-100T-Master.xdc]
INFO: [Project 1-236] Implementation specific constraints were found while reading constraint file [/home/dhep/vivado_proj/uart_tx_delay/uart_tx_delay.srcs/constrs_1/imports/digilent-xdc-master/Nexys-A7-100T-Master.xdc]. These constraints will be ignored for synthesis but will be used in implementation. Impacted constraints are listed in the file [.Xil/uart_tx_propImpl.xdc].
Resolution: To avoid this warning, move constraints listed in [.Xil/uart_tx_propImpl.xdc] to another XDC file and exclude this new file from synthesis with the used_in_synthesis property (File Properties dialog in GUI) and re-run elaboration/synthesis.
Completed Processing XDC Constraints

Netlist sorting complete. Time (s): cpu = 00:00:00 ; elapsed = 00:00:00 . Memory (MB): peak = 2264.195 ; gain = 0.000 ; free physical = 584 ; free virtual = 11655
INFO: [Project 1-111] Unisim Transformation Summary:
No Unisim elements were transformed.

Constraint Validation Runtime : Time (s): cpu = 00:00:00 ; elapsed = 00:00:00 . Memory (MB): peak = 2264.195 ; gain = 0.000 ; free physical = 584 ; free virtual = 11655
INFO: [Designutils 20-5440] No compile time benefit to using incremental synthesis; A full resynthesis will be run
INFO: [Designutils 20-4379] Flow is switching to default flow due to incremental criteria not met. If you would like to alter this behaviour and have the flow terminate instead, please set the following parameter config_implementation {autoIncr.Synth.RejectBehavior Terminate}
---------------------------------------------------------------------------------
Finished Constraint Validation : Time (s): cpu = 00:00:18 ; elapsed = 00:00:19 . Memory (MB): peak = 2264.195 ; gain = 600.301 ; free physical = 581 ; free virtual = 11652
---------------------------------------------------------------------------------
---------------------------------------------------------------------------------
Start Loading Part and Timing Information
---------------------------------------------------------------------------------
Loading part: xc7a100tcsg324-1
---------------------------------------------------------------------------------
Finished Loading Part and Timing Information : Time (s): cpu = 00:00:18 ; elapsed = 00:00:19 . Memory (MB): peak = 2264.195 ; gain = 600.301 ; free physical = 581 ; free virtual = 11652
---------------------------------------------------------------------------------
---------------------------------------------------------------------------------
Start Applying 'set_property' XDC Constraints
---------------------------------------------------------------------------------
---------------------------------------------------------------------------------
Finished applying 'set_property' XDC Constraints : Time (s): cpu = 00:00:18 ; elapsed = 00:00:19 . Memory (MB): peak = 2264.195 ; gain = 600.301 ; free physical = 581 ; free virtual = 11652
---------------------------------------------------------------------------------
INFO: [Synth 8-802] inferred FSM for state register 'present_state_reg' in module 'uart_tx'
---------------------------------------------------------------------------------------------------
                   State |                     New Encoding |                Previous Encoding 
---------------------------------------------------------------------------------------------------
                    idle |                             0001 |                               00
                   start |                             0010 |                               01
                    data |                             0100 |                               10
                    stop |                             1000 |                               11
---------------------------------------------------------------------------------------------------
INFO: [Synth 8-3354] encoded FSM with state register 'present_state_reg' using encoding 'one-hot' in module 'uart_tx'
WARNING: [Synth 8-327] inferring latch for variable 'packet_send_reg' [/home/dhep/vivado_proj/uart_tx_delay/uart_tx_delay.srcs/sources_1/new/uart_tx.vhd:117]
WARNING: [Synth 8-327] inferring latch for variable 'tx_done_reg' [/home/dhep/vivado_proj/uart_tx_delay/uart_tx_delay.srcs/sources_1/new/uart_tx.vhd:116]
---------------------------------------------------------------------------------
Finished RTL Optimization Phase 2 : Time (s): cpu = 00:00:19 ; elapsed = 00:00:19 . Memory (MB): peak = 2264.195 ; gain = 600.301 ; free physical = 577 ; free virtual = 11648
---------------------------------------------------------------------------------
---------------------------------------------------------------------------------
Start RTL Component Statistics 
---------------------------------------------------------------------------------
Detailed RTL Component Info : 
+---Adders : 
	   2 Input   27 Bit       Adders := 1     
	   2 Input   13 Bit       Adders := 1     
	   2 Input    4 Bit       Adders := 1     
	   2 Input    3 Bit       Adders := 1     
+---Registers : 
	               27 Bit    Registers := 1     
	               13 Bit    Registers := 1     
	                3 Bit    Registers := 1     
	                1 Bit    Registers := 1     
+---Muxes : 
	   2 Input   27 Bit        Muxes := 1     
	   2 Input   13 Bit        Muxes := 1     
	   4 Input    4 Bit        Muxes := 2     
	   2 Input    4 Bit        Muxes := 1     
	   2 Input    3 Bit        Muxes := 1     
	   4 Input    1 Bit        Muxes := 2     
---------------------------------------------------------------------------------
Finished RTL Component Statistics 
---------------------------------------------------------------------------------
---------------------------------------------------------------------------------
Start Part Resource Summary
---------------------------------------------------------------------------------
Part Resources:
DSPs: 240 (col length:80)
BRAMs: 270 (col length: RAMB18 80 RAMB36 40)
---------------------------------------------------------------------------------
Finished Part Resource Summary
---------------------------------------------------------------------------------
---------------------------------------------------------------------------------
Start Cross Boundary and Area Optimization
---------------------------------------------------------------------------------
WARNING: [Synth 8-7080] Parallel synthesis criteria is not met
---------------------------------------------------------------------------------
Finished Cross Boundary and Area Optimization : Time (s): cpu = 00:00:21 ; elapsed = 00:00:22 . Memory (MB): peak = 2264.195 ; gain = 600.301 ; free physical = 550 ; free virtual = 11626
---------------------------------------------------------------------------------
---------------------------------------------------------------------------------
Start Applying XDC Timing Constraints
---------------------------------------------------------------------------------
---------------------------------------------------------------------------------
Finished Applying XDC Timing Constraints : Time (s): cpu = 00:00:28 ; elapsed = 00:00:29 . Memory (MB): peak = 2264.195 ; gain = 600.301 ; free physical = 560 ; free virtual = 11635
---------------------------------------------------------------------------------
---------------------------------------------------------------------------------
Start Timing Optimization
---------------------------------------------------------------------------------
---------------------------------------------------------------------------------
Finished Timing Optimization : Time (s): cpu = 00:00:28 ; elapsed = 00:00:29 . Memory (MB): peak = 2264.195 ; gain = 600.301 ; free physical = 560 ; free virtual = 11635
---------------------------------------------------------------------------------
---------------------------------------------------------------------------------
Start Technology Mapping
---------------------------------------------------------------------------------
---------------------------------------------------------------------------------
Finished Technology Mapping : Time (s): cpu = 00:00:28 ; elapsed = 00:00:29 . Memory (MB): peak = 2264.195 ; gain = 600.301 ; free physical = 560 ; free virtual = 11635
---------------------------------------------------------------------------------
---------------------------------------------------------------------------------
Start IO Insertion
---------------------------------------------------------------------------------
---------------------------------------------------------------------------------
Start Flattening Before IO Insertion
---------------------------------------------------------------------------------
---------------------------------------------------------------------------------
Finished Flattening Before IO Insertion
---------------------------------------------------------------------------------
---------------------------------------------------------------------------------
Start Final Netlist Cleanup
---------------------------------------------------------------------------------
---------------------------------------------------------------------------------
Finished Final Netlist Cleanup
---------------------------------------------------------------------------------
---------------------------------------------------------------------------------
Finished IO Insertion : Time (s): cpu = 00:00:34 ; elapsed = 00:00:35 . Memory (MB): peak = 2264.195 ; gain = 600.301 ; free physical = 562 ; free virtual = 11637
---------------------------------------------------------------------------------
---------------------------------------------------------------------------------
Start Renaming Generated Instances
---------------------------------------------------------------------------------
---------------------------------------------------------------------------------
Finished Renaming Generated Instances : Time (s): cpu = 00:00:34 ; elapsed = 00:00:35 . Memory (MB): peak = 2264.195 ; gain = 600.301 ; free physical = 562 ; free virtual = 11637
---------------------------------------------------------------------------------
CRITICAL WARNING: [Synth 8-6859] multi-driven net on pin packet_send with 1st driver pin 'packet_send_reg__0/Q' [/home/dhep/vivado_proj/uart_tx_delay/uart_tx_delay.srcs/sources_1/new/uart_tx.vhd:74]
CRITICAL WARNING: [Synth 8-6859] multi-driven net on pin packet_send with 2nd driver pin 'packet_send_reg/Q' [/home/dhep/vivado_proj/uart_tx_delay/uart_tx_delay.srcs/sources_1/new/uart_tx.vhd:117]

Report Check Netlist: 
+------+------------------+-------+---------+-------+------------------+
|      |Item              |Errors |Warnings |Status |Description       |
+------+------------------+-------+---------+-------+------------------+
|1     |multi_driven_nets |      0|        1|Failed |Multi driven nets |
+------+------------------+-------+---------+-------+------------------+
---------------------------------------------------------------------------------
Start Rebuilding User Hierarchy
---------------------------------------------------------------------------------
---------------------------------------------------------------------------------
Finished Rebuilding User Hierarchy : Time (s): cpu = 00:00:34 ; elapsed = 00:00:35 . Memory (MB): peak = 2264.195 ; gain = 600.301 ; free physical = 562 ; free virtual = 11637
---------------------------------------------------------------------------------
---------------------------------------------------------------------------------
Start Renaming Generated Ports
---------------------------------------------------------------------------------
---------------------------------------------------------------------------------
Finished Renaming Generated Ports : Time (s): cpu = 00:00:34 ; elapsed = 00:00:35 . Memory (MB): peak = 2264.195 ; gain = 600.301 ; free physical = 562 ; free virtual = 11637
---------------------------------------------------------------------------------
---------------------------------------------------------------------------------
Start Handling Custom Attributes
---------------------------------------------------------------------------------
---------------------------------------------------------------------------------
Finished Handling Custom Attributes : Time (s): cpu = 00:00:34 ; elapsed = 00:00:35 . Memory (MB): peak = 2264.195 ; gain = 600.301 ; free physical = 562 ; free virtual = 11637
---------------------------------------------------------------------------------
---------------------------------------------------------------------------------
Start Renaming Generated Nets
---------------------------------------------------------------------------------
---------------------------------------------------------------------------------
Finished Renaming Generated Nets : Time (s): cpu = 00:00:34 ; elapsed = 00:00:35 . Memory (MB): peak = 2264.195 ; gain = 600.301 ; free physical = 562 ; free virtual = 11637
---------------------------------------------------------------------------------
---------------------------------------------------------------------------------
Start Writing Synthesis Report
---------------------------------------------------------------------------------

Report BlackBoxes: 
+-+--------------+----------+
| |BlackBox name |Instances |
+-+--------------+----------+
+-+--------------+----------+

Report Cell Usage: 
+------+-------+------+
|      |Cell   |Count |
+------+-------+------+
|1     |BUFG   |     1|
|2     |CARRY4 |    10|
|3     |LUT1   |     2|
|4     |LUT2   |    15|
|5     |LUT3   |     4|
|6     |LUT4   |    31|
|7     |LUT5   |     7|
|8     |LUT6   |     2|
|9     |FDCE   |    44|
|10    |FDPE   |     3|
|11    |FDRE   |     2|
|12    |LD     |     2|
|13    |IBUF   |     2|
|14    |OBUF   |     2|
+------+-------+------+
---------------------------------------------------------------------------------
Finished Writing Synthesis Report : Time (s): cpu = 00:00:34 ; elapsed = 00:00:35 . Memory (MB): peak = 2264.195 ; gain = 600.301 ; free physical = 562 ; free virtual = 11637
---------------------------------------------------------------------------------
Synthesis finished with 0 errors, 2 critical warnings and 3 warnings.
Synthesis Optimization Runtime : Time (s): cpu = 00:00:31 ; elapsed = 00:00:32 . Memory (MB): peak = 2264.195 ; gain = 459.551 ; free physical = 562 ; free virtual = 11637
Synthesis Optimization Complete : Time (s): cpu = 00:00:34 ; elapsed = 00:00:35 . Memory (MB): peak = 2264.195 ; gain = 600.301 ; free physical = 562 ; free virtual = 11637
INFO: [Project 1-571] Translating synthesized netlist
Netlist sorting complete. Time (s): cpu = 00:00:00 ; elapsed = 00:00:00 . Memory (MB): peak = 2264.195 ; gain = 0.000 ; free physical = 830 ; free virtual = 11906
INFO: [Netlist 29-17] Analyzing 12 Unisim elements for replacement
INFO: [Netlist 29-28] Unisim Transformation completed in 0 CPU seconds
INFO: [Project 1-570] Preparing netlist for logic optimization
INFO: [Opt 31-138] Pushed 0 inverter(s) to 0 load pin(s).
Netlist sorting complete. Time (s): cpu = 00:00:00 ; elapsed = 00:00:00 . Memory (MB): peak = 2264.195 ; gain = 0.000 ; free physical = 830 ; free virtual = 11906
INFO: [Project 1-111] Unisim Transformation Summary:
  A total of 2 instances were transformed.
  LD => LDCE: 2 instances

Synth Design complete | Checksum: 84d23bbc
INFO: [Common 17-83] Releasing license: Synthesis
25 Infos, 4 Warnings, 2 Critical Warnings and 0 Errors encountered.
synth_design completed successfully
synth_design: Time (s): cpu = 00:00:44 ; elapsed = 00:00:41 . Memory (MB): peak = 2264.195 ; gain = 931.371 ; free physical = 831 ; free virtual = 11906
INFO: [Common 17-2834] synth_design peak Physical Memory [PSS] (MB): overall = 1811.132; main = 1503.210; forked = 357.488
INFO: [Common 17-2834] synth_design peak Virtual Memory [VSS] (MB): overall = 3201.418; main = 2264.199; forked = 969.234
INFO: [runtcl-6] Synthesis results are not added to the cache due to CRITICAL_WARNING
INFO: [Common 17-1381] The checkpoint '/home/dhep/vivado_proj/uart_tx_delay/uart_tx_delay.runs/synth_1/uart_tx.dcp' has been generated.
INFO: [runtcl-4] Executing : report_utilization -file uart_tx_utilization_synth.rpt -pb uart_tx_utilization_synth.pb
INFO: [Common 17-206] Exiting Vivado at Wed Oct 18 16:44:28 2023...
