Vivado Simulator v2023.1
Copyright 1986-2022 Xilinx, Inc. All Rights Reserved.
Copyright 2022-2023 Advanced Micro Devices, Inc. All Rights Reserved.
Running: /tools/Xilinx/Vivado/2023.1/bin/unwrapped/lnx64.o/xelab --incr --debug typical --relax --mt 8 -L xil_defaultlib -L unisims_ver -L unimacro_ver -L secureip -L xpm --snapshot pll_sim_behav xil_defaultlib.pll_sim xil_defaultlib.glbl -log elaborate.log 
Using 8 slave threads.
Starting static elaboration
Pass Through NonSizing Optimizer
Completed static elaboration
Starting simulation data flow analysis
Completed simulation data flow analysis
Time Resolution for simulation is 1ps
Compiling package std.standard
Compiling package std.textio
Compiling package ieee.std_logic_1164
Compiling package ieee.numeric_std
Compiling package unisim.vcomponents
Compiling package vl.vl_types
Compiling module xil_defaultlib.glbl
Compiling module unisims_ver.IBUF
Compiling module unisims_ver.PLLE2_ADV(CLKFBOUT_MULT=10,CLKIN...
Compiling module unisims_ver.BUFG
Compiling module xil_defaultlib.pll_design_clk_wiz_0_0_clk_wiz
Compiling module xil_defaultlib.pll_design_clk_wiz_0_0
Compiling architecture structure of entity xil_defaultlib.pll_design [pll_design_default]
Compiling architecture behavioral of entity xil_defaultlib.using_PLLs [using_plls_default]
Compiling architecture behavioral of entity xil_defaultlib.pll_sim
Built simulation snapshot pll_sim_behav
