
*** Running vivado
    with args -log uart_tx.vds -m64 -product Vivado -mode batch -messageDb vivado.pb -notrace -source uart_tx.tcl


****** Vivado v2023.1 (64-bit)
  **** SW Build 3865809 on Sun May  7 15:04:56 MDT 2023
  **** IP Build 3864474 on Sun May  7 20:36:21 MDT 2023
  **** SharedData Build 3865790 on Sun May 07 13:33:03 MDT 2023
    ** Copyright 1986-2022 Xilinx, Inc. All Rights Reserved.
    ** Copyright 2022-2023 Advanced Micro Devices, Inc. All Rights Reserved.

source uart_tx.tcl -notrace
create_project: Time (s): cpu = 00:00:18 ; elapsed = 00:00:18 . Memory (MB): peak = 1334.828 ; gain = 0.023 ; free physical = 2876 ; free virtual = 11208
Command: read_checkpoint -auto_incremental -incremental /home/dhep/GitRepos/vhdl_learn/UART_projects/uart_tx_mulitibyte_on_button/uart_tx_mulitibyte_on_button.srcs/utils_1/imports/synth_1/uart_tx.dcp
INFO: [Vivado 12-5825] Read reference checkpoint from /home/dhep/GitRepos/vhdl_learn/UART_projects/uart_tx_mulitibyte_on_button/uart_tx_mulitibyte_on_button.srcs/utils_1/imports/synth_1/uart_tx.dcp for incremental synthesis
INFO: [Vivado 12-7989] Please ensure there are no constraint changes
Command: synth_design -top uart_tx -part xc7a100tcsg324-1
Starting synth_design
Attempting to get a license for feature 'Synthesis' and/or device 'xc7a100t'
INFO: [Common 17-349] Got license for feature 'Synthesis' and/or device 'xc7a100t'
INFO: [Device 21-403] Loading part xc7a100tcsg324-1
INFO: [Designutils 20-5440] No compile time benefit to using incremental synthesis; A full resynthesis will be run
INFO: [Designutils 20-4379] Flow is switching to default flow due to incremental criteria not met. If you would like to alter this behaviour and have the flow terminate instead, please set the following parameter config_implementation {autoIncr.Synth.RejectBehavior Terminate}
INFO: [Synth 8-7079] Multithreading enabled for synth_design using a maximum of 4 processes.
INFO: [Synth 8-7078] Launching helper process for spawning children vivado processes
INFO: [Synth 8-7075] Helper process launched with PID 83186
---------------------------------------------------------------------------------
Starting RTL Elaboration : Time (s): cpu = 00:00:07 ; elapsed = 00:00:07 . Memory (MB): peak = 2039.699 ; gain = 377.770 ; free physical = 1896 ; free virtual = 10249
---------------------------------------------------------------------------------
INFO: [Synth 8-638] synthesizing module 'uart_tx' [/home/dhep/GitRepos/vhdl_learn/UART_projects/uart_tx_mulitibyte_on_button/uart_tx_mulitibyte_on_button.srcs/sources_1/imports/new/uart_tx.vhd:49]
INFO: [Synth 8-3491] module 'debounce' declared at '/home/dhep/GitRepos/vhdl_learn/UART_projects/uart_tx_mulitibyte_on_button/uart_tx_mulitibyte_on_button.srcs/sources_1/imports/new/debouncing.vhd:34' bound to instance 'comp' of component 'debounce' [/home/dhep/GitRepos/vhdl_learn/UART_projects/uart_tx_mulitibyte_on_button/uart_tx_mulitibyte_on_button.srcs/sources_1/imports/new/uart_tx.vhd:79]
INFO: [Synth 8-638] synthesizing module 'debounce' [/home/dhep/GitRepos/vhdl_learn/UART_projects/uart_tx_mulitibyte_on_button/uart_tx_mulitibyte_on_button.srcs/sources_1/imports/new/debouncing.vhd:41]
INFO: [Synth 8-256] done synthesizing module 'debounce' (0#1) [/home/dhep/GitRepos/vhdl_learn/UART_projects/uart_tx_mulitibyte_on_button/uart_tx_mulitibyte_on_button.srcs/sources_1/imports/new/debouncing.vhd:41]
WARNING: [Synth 8-614] signal 'db_button' is read in the process but is not in the sensitivity list [/home/dhep/GitRepos/vhdl_learn/UART_projects/uart_tx_mulitibyte_on_button/uart_tx_mulitibyte_on_button.srcs/sources_1/imports/new/uart_tx.vhd:80]
WARNING: [Synth 8-614] signal 'reset' is read in the process but is not in the sensitivity list [/home/dhep/GitRepos/vhdl_learn/UART_projects/uart_tx_mulitibyte_on_button/uart_tx_mulitibyte_on_button.srcs/sources_1/imports/new/uart_tx.vhd:80]
WARNING: [Synth 8-614] signal 'data_select_counter' is read in the process but is not in the sensitivity list [/home/dhep/GitRepos/vhdl_learn/UART_projects/uart_tx_mulitibyte_on_button/uart_tx_mulitibyte_on_button.srcs/sources_1/imports/new/uart_tx.vhd:130]
WARNING: [Synth 8-614] signal 'selected_frame' is read in the process but is not in the sensitivity list [/home/dhep/GitRepos/vhdl_learn/UART_projects/uart_tx_mulitibyte_on_button/uart_tx_mulitibyte_on_button.srcs/sources_1/imports/new/uart_tx.vhd:130]
WARNING: [Synth 8-614] signal 'bit_index' is read in the process but is not in the sensitivity list [/home/dhep/GitRepos/vhdl_learn/UART_projects/uart_tx_mulitibyte_on_button/uart_tx_mulitibyte_on_button.srcs/sources_1/imports/new/uart_tx.vhd:130]
INFO: [Synth 8-256] done synthesizing module 'uart_tx' (0#1) [/home/dhep/GitRepos/vhdl_learn/UART_projects/uart_tx_mulitibyte_on_button/uart_tx_mulitibyte_on_button.srcs/sources_1/imports/new/uart_tx.vhd:49]
---------------------------------------------------------------------------------
Finished RTL Elaboration : Time (s): cpu = 00:00:09 ; elapsed = 00:00:10 . Memory (MB): peak = 2105.668 ; gain = 443.738 ; free physical = 1809 ; free virtual = 10163
---------------------------------------------------------------------------------
---------------------------------------------------------------------------------
Start Handling Custom Attributes
---------------------------------------------------------------------------------
---------------------------------------------------------------------------------
Finished Handling Custom Attributes : Time (s): cpu = 00:00:09 ; elapsed = 00:00:10 . Memory (MB): peak = 2123.480 ; gain = 461.551 ; free physical = 1807 ; free virtual = 10160
---------------------------------------------------------------------------------
---------------------------------------------------------------------------------
Finished RTL Optimization Phase 1 : Time (s): cpu = 00:00:09 ; elapsed = 00:00:10 . Memory (MB): peak = 2123.480 ; gain = 461.551 ; free physical = 1807 ; free virtual = 10160
---------------------------------------------------------------------------------
Netlist sorting complete. Time (s): cpu = 00:00:00 ; elapsed = 00:00:00 . Memory (MB): peak = 2123.480 ; gain = 0.000 ; free physical = 1807 ; free virtual = 10160
INFO: [Project 1-570] Preparing netlist for logic optimization

Processing XDC Constraints
Initializing timing engine
Parsing XDC File [/home/dhep/GitRepos/vhdl_learn/UART_projects/uart_tx_mulitibyte_on_button/uart_tx_mulitibyte_on_button.srcs/constrs_1/imports/digilent-xdc-master/Nexys-A7-100T-Master.xdc]
Finished Parsing XDC File [/home/dhep/GitRepos/vhdl_learn/UART_projects/uart_tx_mulitibyte_on_button/uart_tx_mulitibyte_on_button.srcs/constrs_1/imports/digilent-xdc-master/Nexys-A7-100T-Master.xdc]
INFO: [Project 1-236] Implementation specific constraints were found while reading constraint file [/home/dhep/GitRepos/vhdl_learn/UART_projects/uart_tx_mulitibyte_on_button/uart_tx_mulitibyte_on_button.srcs/constrs_1/imports/digilent-xdc-master/Nexys-A7-100T-Master.xdc]. These constraints will be ignored for synthesis but will be used in implementation. Impacted constraints are listed in the file [.Xil/uart_tx_propImpl.xdc].
Resolution: To avoid this warning, move constraints listed in [.Xil/uart_tx_propImpl.xdc] to another XDC file and exclude this new file from synthesis with the used_in_synthesis property (File Properties dialog in GUI) and re-run elaboration/synthesis.
Completed Processing XDC Constraints

Netlist sorting complete. Time (s): cpu = 00:00:00 ; elapsed = 00:00:00 . Memory (MB): peak = 2268.230 ; gain = 0.000 ; free physical = 1805 ; free virtual = 10159
INFO: [Project 1-111] Unisim Transformation Summary:
No Unisim elements were transformed.

Constraint Validation Runtime : Time (s): cpu = 00:00:00.01 ; elapsed = 00:00:00 . Memory (MB): peak = 2268.230 ; gain = 0.000 ; free physical = 1805 ; free virtual = 10159
INFO: [Designutils 20-5440] No compile time benefit to using incremental synthesis; A full resynthesis will be run
INFO: [Designutils 20-4379] Flow is switching to default flow due to incremental criteria not met. If you would like to alter this behaviour and have the flow terminate instead, please set the following parameter config_implementation {autoIncr.Synth.RejectBehavior Terminate}
---------------------------------------------------------------------------------
Finished Constraint Validation : Time (s): cpu = 00:00:19 ; elapsed = 00:00:20 . Memory (MB): peak = 2268.230 ; gain = 606.301 ; free physical = 1795 ; free virtual = 10149
---------------------------------------------------------------------------------
---------------------------------------------------------------------------------
Start Loading Part and Timing Information
---------------------------------------------------------------------------------
Loading part: xc7a100tcsg324-1
---------------------------------------------------------------------------------
Finished Loading Part and Timing Information : Time (s): cpu = 00:00:19 ; elapsed = 00:00:20 . Memory (MB): peak = 2268.230 ; gain = 606.301 ; free physical = 1795 ; free virtual = 10149
---------------------------------------------------------------------------------
---------------------------------------------------------------------------------
Start Applying 'set_property' XDC Constraints
---------------------------------------------------------------------------------
---------------------------------------------------------------------------------
Finished applying 'set_property' XDC Constraints : Time (s): cpu = 00:00:19 ; elapsed = 00:00:20 . Memory (MB): peak = 2268.230 ; gain = 606.301 ; free physical = 1795 ; free virtual = 10149
---------------------------------------------------------------------------------
INFO: [Synth 8-802] inferred FSM for state register 'present_state_reg' in module 'uart_tx'
---------------------------------------------------------------------------------------------------
                   State |                     New Encoding |                Previous Encoding 
---------------------------------------------------------------------------------------------------
                    idle |                             0001 |                               00
                   start |                             0010 |                               01
                    data |                             0100 |                               10
                    stop |                             1000 |                               11
---------------------------------------------------------------------------------------------------
INFO: [Synth 8-3354] encoded FSM with state register 'present_state_reg' using encoding 'one-hot' in module 'uart_tx'
WARNING: [Synth 8-327] inferring latch for variable 'selected_frame_reg' [/home/dhep/GitRepos/vhdl_learn/UART_projects/uart_tx_mulitibyte_on_button/uart_tx_mulitibyte_on_button.srcs/sources_1/imports/new/uart_tx.vhd:153]
WARNING: [Synth 8-327] inferring latch for variable 'data_select_counter_reg' [/home/dhep/GitRepos/vhdl_learn/UART_projects/uart_tx_mulitibyte_on_button/uart_tx_mulitibyte_on_button.srcs/sources_1/imports/new/uart_tx.vhd:151]
WARNING: [Synth 8-327] inferring latch for variable 'tx_done_reg' [/home/dhep/GitRepos/vhdl_learn/UART_projects/uart_tx_mulitibyte_on_button/uart_tx_mulitibyte_on_button.srcs/sources_1/imports/new/uart_tx.vhd:137]
---------------------------------------------------------------------------------
Finished RTL Optimization Phase 2 : Time (s): cpu = 00:00:20 ; elapsed = 00:00:21 . Memory (MB): peak = 2268.230 ; gain = 606.301 ; free physical = 1793 ; free virtual = 10147
---------------------------------------------------------------------------------
---------------------------------------------------------------------------------
Start RTL Component Statistics 
---------------------------------------------------------------------------------
Detailed RTL Component Info : 
+---Adders : 
	   2 Input   20 Bit       Adders := 1     
	   2 Input   15 Bit       Adders := 1     
	   2 Input   13 Bit       Adders := 1     
	   2 Input    4 Bit       Adders := 1     
	   2 Input    3 Bit       Adders := 1     
	   2 Input    2 Bit       Adders := 1     
+---XORs : 
	   2 Input      1 Bit         XORs := 1     
+---Registers : 
	               20 Bit    Registers := 1     
	               15 Bit    Registers := 1     
	               13 Bit    Registers := 1     
	                3 Bit    Registers := 1     
	                2 Bit    Registers := 2     
	                1 Bit    Registers := 4     
+---Muxes : 
	   2 Input   20 Bit        Muxes := 1     
	   2 Input   15 Bit        Muxes := 1     
	   2 Input   13 Bit        Muxes := 1     
	   3 Input    8 Bit        Muxes := 1     
	   4 Input    4 Bit        Muxes := 2     
	   2 Input    4 Bit        Muxes := 2     
	   2 Input    3 Bit        Muxes := 1     
	   2 Input    2 Bit        Muxes := 1     
	   2 Input    1 Bit        Muxes := 4     
	   4 Input    1 Bit        Muxes := 2     
---------------------------------------------------------------------------------
Finished RTL Component Statistics 
---------------------------------------------------------------------------------
---------------------------------------------------------------------------------
Start Part Resource Summary
---------------------------------------------------------------------------------
Part Resources:
DSPs: 240 (col length:80)
BRAMs: 270 (col length: RAMB18 80 RAMB36 40)
---------------------------------------------------------------------------------
Finished Part Resource Summary
---------------------------------------------------------------------------------
---------------------------------------------------------------------------------
Start Cross Boundary and Area Optimization
---------------------------------------------------------------------------------
WARNING: [Synth 8-7080] Parallel synthesis criteria is not met
WARNING: [Synth 8-3332] Sequential element (selected_frame_reg[4]) is unused and will be removed from module uart_tx.
---------------------------------------------------------------------------------
Finished Cross Boundary and Area Optimization : Time (s): cpu = 00:00:22 ; elapsed = 00:00:23 . Memory (MB): peak = 2268.230 ; gain = 606.301 ; free physical = 1773 ; free virtual = 10131
---------------------------------------------------------------------------------
---------------------------------------------------------------------------------
Start Applying XDC Timing Constraints
---------------------------------------------------------------------------------
---------------------------------------------------------------------------------
Finished Applying XDC Timing Constraints : Time (s): cpu = 00:00:30 ; elapsed = 00:00:31 . Memory (MB): peak = 2268.230 ; gain = 606.301 ; free physical = 1776 ; free virtual = 10134
---------------------------------------------------------------------------------
---------------------------------------------------------------------------------
Start Timing Optimization
---------------------------------------------------------------------------------
---------------------------------------------------------------------------------
Finished Timing Optimization : Time (s): cpu = 00:00:30 ; elapsed = 00:00:31 . Memory (MB): peak = 2268.230 ; gain = 606.301 ; free physical = 1776 ; free virtual = 10134
---------------------------------------------------------------------------------
---------------------------------------------------------------------------------
Start Technology Mapping
---------------------------------------------------------------------------------
---------------------------------------------------------------------------------
Finished Technology Mapping : Time (s): cpu = 00:00:30 ; elapsed = 00:00:31 . Memory (MB): peak = 2268.230 ; gain = 606.301 ; free physical = 1776 ; free virtual = 10134
---------------------------------------------------------------------------------
---------------------------------------------------------------------------------
Start IO Insertion
---------------------------------------------------------------------------------
---------------------------------------------------------------------------------
Start Flattening Before IO Insertion
---------------------------------------------------------------------------------
---------------------------------------------------------------------------------
Finished Flattening Before IO Insertion
---------------------------------------------------------------------------------
---------------------------------------------------------------------------------
Start Final Netlist Cleanup
---------------------------------------------------------------------------------
---------------------------------------------------------------------------------
Finished Final Netlist Cleanup
---------------------------------------------------------------------------------
---------------------------------------------------------------------------------
Finished IO Insertion : Time (s): cpu = 00:00:36 ; elapsed = 00:00:37 . Memory (MB): peak = 2268.230 ; gain = 606.301 ; free physical = 1796 ; free virtual = 10140
---------------------------------------------------------------------------------
---------------------------------------------------------------------------------
Start Renaming Generated Instances
---------------------------------------------------------------------------------
---------------------------------------------------------------------------------
Finished Renaming Generated Instances : Time (s): cpu = 00:00:36 ; elapsed = 00:00:37 . Memory (MB): peak = 2268.230 ; gain = 606.301 ; free physical = 1796 ; free virtual = 10140
---------------------------------------------------------------------------------
---------------------------------------------------------------------------------
Start Rebuilding User Hierarchy
---------------------------------------------------------------------------------
---------------------------------------------------------------------------------
Finished Rebuilding User Hierarchy : Time (s): cpu = 00:00:36 ; elapsed = 00:00:37 . Memory (MB): peak = 2268.230 ; gain = 606.301 ; free physical = 1796 ; free virtual = 10140
---------------------------------------------------------------------------------
---------------------------------------------------------------------------------
Start Renaming Generated Ports
---------------------------------------------------------------------------------
---------------------------------------------------------------------------------
Finished Renaming Generated Ports : Time (s): cpu = 00:00:36 ; elapsed = 00:00:37 . Memory (MB): peak = 2268.230 ; gain = 606.301 ; free physical = 1796 ; free virtual = 10140
---------------------------------------------------------------------------------
---------------------------------------------------------------------------------
Start Handling Custom Attributes
---------------------------------------------------------------------------------
---------------------------------------------------------------------------------
Finished Handling Custom Attributes : Time (s): cpu = 00:00:36 ; elapsed = 00:00:37 . Memory (MB): peak = 2268.230 ; gain = 606.301 ; free physical = 1796 ; free virtual = 10140
---------------------------------------------------------------------------------
---------------------------------------------------------------------------------
Start Renaming Generated Nets
---------------------------------------------------------------------------------
---------------------------------------------------------------------------------
Finished Renaming Generated Nets : Time (s): cpu = 00:00:36 ; elapsed = 00:00:37 . Memory (MB): peak = 2268.230 ; gain = 606.301 ; free physical = 1796 ; free virtual = 10140
---------------------------------------------------------------------------------
---------------------------------------------------------------------------------
Start Writing Synthesis Report
---------------------------------------------------------------------------------

Report BlackBoxes: 
+-+--------------+----------+
| |BlackBox name |Instances |
+-+--------------+----------+
+-+--------------+----------+

Report Cell Usage: 
+------+-------+------+
|      |Cell   |Count |
+------+-------+------+
|1     |BUFG   |     1|
|2     |CARRY4 |    12|
|3     |LUT1   |     4|
|4     |LUT2   |    37|
|5     |LUT3   |     6|
|6     |LUT4   |    11|
|7     |LUT5   |     4|
|8     |LUT6   |     8|
|9     |FDCE   |    19|
|10    |FDPE   |     2|
|11    |FDRE   |    41|
|12    |FDSE   |     1|
|13    |LD     |     6|
|14    |IBUF   |     3|
|15    |OBUF   |     4|
+------+-------+------+
---------------------------------------------------------------------------------
Finished Writing Synthesis Report : Time (s): cpu = 00:00:36 ; elapsed = 00:00:37 . Memory (MB): peak = 2268.230 ; gain = 606.301 ; free physical = 1796 ; free virtual = 10140
---------------------------------------------------------------------------------
Synthesis finished with 0 errors, 0 critical warnings and 5 warnings.
Synthesis Optimization Runtime : Time (s): cpu = 00:00:34 ; elapsed = 00:00:34 . Memory (MB): peak = 2268.230 ; gain = 461.551 ; free physical = 1796 ; free virtual = 10140
Synthesis Optimization Complete : Time (s): cpu = 00:00:36 ; elapsed = 00:00:37 . Memory (MB): peak = 2268.230 ; gain = 606.301 ; free physical = 1796 ; free virtual = 10140
INFO: [Project 1-571] Translating synthesized netlist
Netlist sorting complete. Time (s): cpu = 00:00:00 ; elapsed = 00:00:00 . Memory (MB): peak = 2268.230 ; gain = 0.000 ; free physical = 2060 ; free virtual = 10404
INFO: [Netlist 29-17] Analyzing 18 Unisim elements for replacement
INFO: [Netlist 29-28] Unisim Transformation completed in 0 CPU seconds
INFO: [Project 1-570] Preparing netlist for logic optimization
INFO: [Opt 31-138] Pushed 0 inverter(s) to 0 load pin(s).
Netlist sorting complete. Time (s): cpu = 00:00:00 ; elapsed = 00:00:00 . Memory (MB): peak = 2268.230 ; gain = 0.000 ; free physical = 2057 ; free virtual = 10401
INFO: [Project 1-111] Unisim Transformation Summary:
  A total of 6 instances were transformed.
  LD => LDCE: 6 instances

Synth Design complete | Checksum: 612e94b0
INFO: [Common 17-83] Releasing license: Synthesis
28 Infos, 10 Warnings, 0 Critical Warnings and 0 Errors encountered.
synth_design completed successfully
synth_design: Time (s): cpu = 00:00:48 ; elapsed = 00:00:44 . Memory (MB): peak = 2268.230 ; gain = 933.402 ; free physical = 2057 ; free virtual = 10401
INFO: [Common 17-2834] synth_design peak Physical Memory [PSS] (MB): overall = 1848.662; main = 1556.215; forked = 371.751
INFO: [Common 17-2834] synth_design peak Virtual Memory [VSS] (MB): overall = 3201.418; main = 2268.234; forked = 965.199
INFO: [Common 17-1381] The checkpoint '/home/dhep/GitRepos/vhdl_learn/UART_projects/uart_tx_mulitibyte_on_button/uart_tx_mulitibyte_on_button.runs/synth_1/uart_tx.dcp' has been generated.
INFO: [runtcl-4] Executing : report_utilization -file uart_tx_utilization_synth.rpt -pb uart_tx_utilization_synth.pb
INFO: [Common 17-206] Exiting Vivado at Fri Dec  1 12:28:03 2023...
