
*** Running vivado
    with args -log top_level.vds -m64 -product Vivado -mode batch -messageDb vivado.pb -notrace -source top_level.tcl


****** Vivado v2023.1 (64-bit)
  **** SW Build 3865809 on Sun May  7 15:04:56 MDT 2023
  **** IP Build 3864474 on Sun May  7 20:36:21 MDT 2023
  **** SharedData Build 3865790 on Sun May 07 13:33:03 MDT 2023
    ** Copyright 1986-2022 Xilinx, Inc. All Rights Reserved.
    ** Copyright 2022-2023 Advanced Micro Devices, Inc. All Rights Reserved.

source top_level.tcl -notrace
create_project: Time (s): cpu = 00:00:16 ; elapsed = 00:00:16 . Memory (MB): peak = 1338.656 ; gain = 0.023 ; free physical = 3460 ; free virtual = 14542
Command: read_checkpoint -auto_incremental -incremental /home/dhep/vivado_proj/accel_tx_2/accel_tx_2.srcs/utils_1/imports/synth_1/adxl362.dcp
INFO: [Vivado 12-5825] Read reference checkpoint from /home/dhep/vivado_proj/accel_tx_2/accel_tx_2.srcs/utils_1/imports/synth_1/adxl362.dcp for incremental synthesis
INFO: [Vivado 12-7989] Please ensure there are no constraint changes
Command: synth_design -top top_level -part xc7a100tcsg324-1
Starting synth_design
Attempting to get a license for feature 'Synthesis' and/or device 'xc7a100t'
INFO: [Common 17-349] Got license for feature 'Synthesis' and/or device 'xc7a100t'
INFO: [Device 21-403] Loading part xc7a100tcsg324-1
INFO: [Designutils 20-5440] No compile time benefit to using incremental synthesis; A full resynthesis will be run
INFO: [Designutils 20-4379] Flow is switching to default flow due to incremental criteria not met. If you would like to alter this behaviour and have the flow terminate instead, please set the following parameter config_implementation {autoIncr.Synth.RejectBehavior Terminate}
INFO: [Synth 8-7079] Multithreading enabled for synth_design using a maximum of 4 processes.
INFO: [Synth 8-7078] Launching helper process for spawning children vivado processes
INFO: [Synth 8-7075] Helper process launched with PID 125293
---------------------------------------------------------------------------------
Starting RTL Elaboration : Time (s): cpu = 00:00:06 ; elapsed = 00:00:06 . Memory (MB): peak = 2041.496 ; gain = 379.738 ; free physical = 2532 ; free virtual = 13614
---------------------------------------------------------------------------------
INFO: [Synth 8-638] synthesizing module 'top_level' [/home/dhep/vivado_proj/accel_tx_2/accel_tx_2.srcs/sources_1/new/top_module.vhd:26]
	Parameter clk_freq bound to: 100 - type: integer 
	Parameter uart_baud_rate bound to: 9600 - type: integer 
	Parameter bytes_to_send bound to: 6 - type: integer 
	Parameter data_rate bound to: 3'b011 
	Parameter data_range bound to: 2'b00 
INFO: [Synth 8-3491] module 'adxl362' declared at '/home/dhep/vivado_proj/accel_tx_2/accel_tx_2.srcs/sources_1/new/adxl362.vhd:34' bound to instance 'accelerometer_inst' of component 'adxl362' [/home/dhep/vivado_proj/accel_tx_2/accel_tx_2.srcs/sources_1/new/top_module.vhd:70]
INFO: [Synth 8-638] synthesizing module 'adxl362' [/home/dhep/vivado_proj/accel_tx_2/accel_tx_2.srcs/sources_1/new/adxl362.vhd:61]
	Parameter clk_freq bound to: 100 - type: integer 
	Parameter uart_baud_rate bound to: 9600 - type: integer 
	Parameter bytes_to_send bound to: 6 - type: integer 
	Parameter data_rate bound to: 3'b011 
	Parameter data_range bound to: 2'b00 
	Parameter slaves bound to: 1 - type: integer 
	Parameter d_width bound to: 8 - type: integer 
INFO: [Synth 8-3491] module 'spi_master' declared at '/home/dhep/vivado_proj/accel_tx_2/accel_tx_2.srcs/sources_1/new/spi_master.vhd:36' bound to instance 'spi_master_0' of component 'spi_master' [/home/dhep/vivado_proj/accel_tx_2/accel_tx_2.srcs/sources_1/new/adxl362.vhd:119]
INFO: [Synth 8-638] synthesizing module 'spi_master' [/home/dhep/vivado_proj/accel_tx_2/accel_tx_2.srcs/sources_1/new/spi_master.vhd:58]
	Parameter slaves bound to: 1 - type: integer 
	Parameter d_width bound to: 8 - type: integer 
INFO: [Synth 8-256] done synthesizing module 'spi_master' (0#1) [/home/dhep/vivado_proj/accel_tx_2/accel_tx_2.srcs/sources_1/new/spi_master.vhd:58]
WARNING: [Synth 8-614] signal 'reset_n' is read in the process but is not in the sensitivity list [/home/dhep/vivado_proj/accel_tx_2/accel_tx_2.srcs/sources_1/new/adxl362.vhd:130]
INFO: [Synth 8-256] done synthesizing module 'adxl362' (0#1) [/home/dhep/vivado_proj/accel_tx_2/accel_tx_2.srcs/sources_1/new/adxl362.vhd:61]
	Parameter uart_clk_freq bound to: 100000000 - type: integer 
	Parameter uart_baud_rate bound to: 9600 - type: integer 
	Parameter bytes_to_send bound to: 6 - type: integer 
INFO: [Synth 8-3491] module 'uart_tx' declared at '/home/dhep/vivado_proj/accel_tx_2/accel_tx_2.srcs/sources_1/new/uart_tx.vhd:32' bound to instance 'uart_tx_inst' of component 'uart_tx' [/home/dhep/vivado_proj/accel_tx_2/accel_tx_2.srcs/sources_1/new/top_module.vhd:92]
INFO: [Synth 8-638] synthesizing module 'uart_tx' [/home/dhep/vivado_proj/accel_tx_2/accel_tx_2.srcs/sources_1/new/uart_tx.vhd:47]
	Parameter uart_clk_freq bound to: 100000000 - type: integer 
	Parameter uart_baud_rate bound to: 9600 - type: integer 
	Parameter seconds_per_packet bound to: 1 - type: integer 
	Parameter bytes_to_send bound to: 6 - type: integer 
WARNING: [Synth 8-614] signal 'packet_send_f2' is read in the process but is not in the sensitivity list [/home/dhep/vivado_proj/accel_tx_2/accel_tx_2.srcs/sources_1/new/uart_tx.vhd:123]
WARNING: [Synth 8-614] signal 'data_select_counter' is read in the process but is not in the sensitivity list [/home/dhep/vivado_proj/accel_tx_2/accel_tx_2.srcs/sources_1/new/uart_tx.vhd:123]
WARNING: [Synth 8-614] signal 'x_in' is read in the process but is not in the sensitivity list [/home/dhep/vivado_proj/accel_tx_2/accel_tx_2.srcs/sources_1/new/uart_tx.vhd:123]
WARNING: [Synth 8-614] signal 'y_in' is read in the process but is not in the sensitivity list [/home/dhep/vivado_proj/accel_tx_2/accel_tx_2.srcs/sources_1/new/uart_tx.vhd:123]
WARNING: [Synth 8-614] signal 'z_in' is read in the process but is not in the sensitivity list [/home/dhep/vivado_proj/accel_tx_2/accel_tx_2.srcs/sources_1/new/uart_tx.vhd:123]
WARNING: [Synth 8-614] signal 'selected_frame' is read in the process but is not in the sensitivity list [/home/dhep/vivado_proj/accel_tx_2/accel_tx_2.srcs/sources_1/new/uart_tx.vhd:123]
WARNING: [Synth 8-614] signal 'bit_index' is read in the process but is not in the sensitivity list [/home/dhep/vivado_proj/accel_tx_2/accel_tx_2.srcs/sources_1/new/uart_tx.vhd:123]
INFO: [Synth 8-256] done synthesizing module 'uart_tx' (0#1) [/home/dhep/vivado_proj/accel_tx_2/accel_tx_2.srcs/sources_1/new/uart_tx.vhd:47]
INFO: [Synth 8-256] done synthesizing module 'top_level' (0#1) [/home/dhep/vivado_proj/accel_tx_2/accel_tx_2.srcs/sources_1/new/top_module.vhd:26]
---------------------------------------------------------------------------------
Finished RTL Elaboration : Time (s): cpu = 00:00:09 ; elapsed = 00:00:09 . Memory (MB): peak = 2112.465 ; gain = 450.707 ; free physical = 2438 ; free virtual = 13520
---------------------------------------------------------------------------------
---------------------------------------------------------------------------------
Start Handling Custom Attributes
---------------------------------------------------------------------------------
---------------------------------------------------------------------------------
Finished Handling Custom Attributes : Time (s): cpu = 00:00:09 ; elapsed = 00:00:09 . Memory (MB): peak = 2130.277 ; gain = 468.520 ; free physical = 2436 ; free virtual = 13518
---------------------------------------------------------------------------------
---------------------------------------------------------------------------------
Finished RTL Optimization Phase 1 : Time (s): cpu = 00:00:09 ; elapsed = 00:00:09 . Memory (MB): peak = 2130.277 ; gain = 468.520 ; free physical = 2436 ; free virtual = 13518
---------------------------------------------------------------------------------
Netlist sorting complete. Time (s): cpu = 00:00:00.01 ; elapsed = 00:00:00.01 . Memory (MB): peak = 2130.277 ; gain = 0.000 ; free physical = 2436 ; free virtual = 13518
INFO: [Project 1-570] Preparing netlist for logic optimization

Processing XDC Constraints
Initializing timing engine
Parsing XDC File [/home/dhep/vivado_proj/accel_tx_2/accel_tx_2.srcs/constrs_1/imports/digilent-xdc-master/Nexys-A7-100T-Master.xdc]
Finished Parsing XDC File [/home/dhep/vivado_proj/accel_tx_2/accel_tx_2.srcs/constrs_1/imports/digilent-xdc-master/Nexys-A7-100T-Master.xdc]
INFO: [Project 1-236] Implementation specific constraints were found while reading constraint file [/home/dhep/vivado_proj/accel_tx_2/accel_tx_2.srcs/constrs_1/imports/digilent-xdc-master/Nexys-A7-100T-Master.xdc]. These constraints will be ignored for synthesis but will be used in implementation. Impacted constraints are listed in the file [.Xil/top_level_propImpl.xdc].
Resolution: To avoid this warning, move constraints listed in [.Xil/top_level_propImpl.xdc] to another XDC file and exclude this new file from synthesis with the used_in_synthesis property (File Properties dialog in GUI) and re-run elaboration/synthesis.
Completed Processing XDC Constraints

Netlist sorting complete. Time (s): cpu = 00:00:00 ; elapsed = 00:00:00 . Memory (MB): peak = 2278.027 ; gain = 0.000 ; free physical = 2428 ; free virtual = 13511
INFO: [Project 1-111] Unisim Transformation Summary:
No Unisim elements were transformed.

Constraint Validation Runtime : Time (s): cpu = 00:00:00.01 ; elapsed = 00:00:00.01 . Memory (MB): peak = 2278.027 ; gain = 0.000 ; free physical = 2428 ; free virtual = 13511
INFO: [Designutils 20-5440] No compile time benefit to using incremental synthesis; A full resynthesis will be run
INFO: [Designutils 20-4379] Flow is switching to default flow due to incremental criteria not met. If you would like to alter this behaviour and have the flow terminate instead, please set the following parameter config_implementation {autoIncr.Synth.RejectBehavior Terminate}
---------------------------------------------------------------------------------
Finished Constraint Validation : Time (s): cpu = 00:00:18 ; elapsed = 00:00:19 . Memory (MB): peak = 2278.027 ; gain = 616.270 ; free physical = 2424 ; free virtual = 13507
---------------------------------------------------------------------------------
---------------------------------------------------------------------------------
Start Loading Part and Timing Information
---------------------------------------------------------------------------------
Loading part: xc7a100tcsg324-1
---------------------------------------------------------------------------------
Finished Loading Part and Timing Information : Time (s): cpu = 00:00:18 ; elapsed = 00:00:19 . Memory (MB): peak = 2278.027 ; gain = 616.270 ; free physical = 2424 ; free virtual = 13507
---------------------------------------------------------------------------------
---------------------------------------------------------------------------------
Start Applying 'set_property' XDC Constraints
---------------------------------------------------------------------------------
---------------------------------------------------------------------------------
Finished applying 'set_property' XDC Constraints : Time (s): cpu = 00:00:18 ; elapsed = 00:00:19 . Memory (MB): peak = 2278.027 ; gain = 616.270 ; free physical = 2424 ; free virtual = 13507
---------------------------------------------------------------------------------
INFO: [Synth 8-802] inferred FSM for state register 'parameter_sig_reg' in module 'adxl362'
INFO: [Synth 8-802] inferred FSM for state register 'present_state_reg' in module 'uart_tx'
---------------------------------------------------------------------------------------------------
                   State |                     New Encoding |                Previous Encoding 
---------------------------------------------------------------------------------------------------
                  iSTATE |                               00 |                               00
                 iSTATE0 |                               01 |                               01
                 iSTATE1 |                               10 |                               10
---------------------------------------------------------------------------------------------------
INFO: [Synth 8-3354] encoded FSM with state register 'parameter_sig_reg' using encoding 'sequential' in module 'adxl362'
---------------------------------------------------------------------------------------------------
                   State |                     New Encoding |                Previous Encoding 
---------------------------------------------------------------------------------------------------
                    idle |                             0001 |                               00
                   start |                             0010 |                               01
                    data |                             0100 |                               10
                    stop |                             1000 |                               11
---------------------------------------------------------------------------------------------------
INFO: [Synth 8-3354] encoded FSM with state register 'present_state_reg' using encoding 'one-hot' in module 'uart_tx'
WARNING: [Synth 8-327] inferring latch for variable 'packet_send_f1_reg' [/home/dhep/vivado_proj/accel_tx_2/accel_tx_2.srcs/sources_1/new/uart_tx.vhd:81]
WARNING: [Synth 8-327] inferring latch for variable 'selected_frame_reg' [/home/dhep/vivado_proj/accel_tx_2/accel_tx_2.srcs/sources_1/new/uart_tx.vhd:144]
---------------------------------------------------------------------------------
Finished RTL Optimization Phase 2 : Time (s): cpu = 00:00:19 ; elapsed = 00:00:20 . Memory (MB): peak = 2278.027 ; gain = 616.270 ; free physical = 2423 ; free virtual = 13506
---------------------------------------------------------------------------------
---------------------------------------------------------------------------------
Start RTL Component Statistics 
---------------------------------------------------------------------------------
Detailed RTL Component Info : 
+---Adders : 
	   2 Input   32 Bit       Adders := 2     
	   2 Input   27 Bit       Adders := 1     
	   2 Input   13 Bit       Adders := 1     
	   3 Input    6 Bit       Adders := 1     
	   2 Input    5 Bit       Adders := 4     
	   2 Input    4 Bit       Adders := 1     
	   2 Input    3 Bit       Adders := 2     
+---Registers : 
	               32 Bit    Registers := 4     
	               27 Bit    Registers := 1     
	               16 Bit    Registers := 3     
	               13 Bit    Registers := 1     
	               12 Bit    Registers := 4     
	                8 Bit    Registers := 5     
	                6 Bit    Registers := 1     
	                5 Bit    Registers := 2     
	                3 Bit    Registers := 3     
	                1 Bit    Registers := 10    
+---Muxes : 
	   2 Input   32 Bit        Muxes := 7     
	   9 Input   32 Bit        Muxes := 1     
	   4 Input   32 Bit        Muxes := 1     
	   6 Input   32 Bit        Muxes := 1     
	   2 Input   27 Bit        Muxes := 1     
	   2 Input   16 Bit        Muxes := 6     
	   6 Input   16 Bit        Muxes := 3     
	   9 Input   16 Bit        Muxes := 3     
	   2 Input   13 Bit        Muxes := 1     
	   2 Input    8 Bit        Muxes := 4     
	   3 Input    8 Bit        Muxes := 1     
	   9 Input    8 Bit        Muxes := 1     
	   6 Input    8 Bit        Muxes := 1     
	   4 Input    8 Bit        Muxes := 1     
	   3 Input    6 Bit        Muxes := 1     
	   2 Input    6 Bit        Muxes := 1     
	   2 Input    5 Bit        Muxes := 2     
	   2 Input    4 Bit        Muxes := 3     
	   4 Input    4 Bit        Muxes := 2     
	   3 Input    3 Bit        Muxes := 1     
	   6 Input    3 Bit        Muxes := 1     
	   2 Input    3 Bit        Muxes := 4     
	   9 Input    2 Bit        Muxes := 1     
	   2 Input    1 Bit        Muxes := 42    
	   6 Input    1 Bit        Muxes := 9     
	   9 Input    1 Bit        Muxes := 4     
	   4 Input    1 Bit        Muxes := 8     
	   3 Input    1 Bit        Muxes := 2     
	   7 Input    1 Bit        Muxes := 1     
---------------------------------------------------------------------------------
Finished RTL Component Statistics 
---------------------------------------------------------------------------------
---------------------------------------------------------------------------------
Start Part Resource Summary
---------------------------------------------------------------------------------
Part Resources:
DSPs: 240 (col length:80)
BRAMs: 270 (col length: RAMB18 80 RAMB36 40)
---------------------------------------------------------------------------------
Finished Part Resource Summary
---------------------------------------------------------------------------------
---------------------------------------------------------------------------------
Start Cross Boundary and Area Optimization
---------------------------------------------------------------------------------
WARNING: [Synth 8-7080] Parallel synthesis criteria is not met
---------------------------------------------------------------------------------
Finished Cross Boundary and Area Optimization : Time (s): cpu = 00:00:24 ; elapsed = 00:00:25 . Memory (MB): peak = 2278.027 ; gain = 616.270 ; free physical = 2399 ; free virtual = 13486
---------------------------------------------------------------------------------
---------------------------------------------------------------------------------
Start Applying XDC Timing Constraints
---------------------------------------------------------------------------------
---------------------------------------------------------------------------------
Finished Applying XDC Timing Constraints : Time (s): cpu = 00:00:31 ; elapsed = 00:00:32 . Memory (MB): peak = 2278.027 ; gain = 616.270 ; free physical = 2398 ; free virtual = 13485
---------------------------------------------------------------------------------
---------------------------------------------------------------------------------
Start Timing Optimization
---------------------------------------------------------------------------------
---------------------------------------------------------------------------------
Finished Timing Optimization : Time (s): cpu = 00:00:32 ; elapsed = 00:00:33 . Memory (MB): peak = 2278.027 ; gain = 616.270 ; free physical = 2397 ; free virtual = 13485
---------------------------------------------------------------------------------
---------------------------------------------------------------------------------
Start Technology Mapping
---------------------------------------------------------------------------------
---------------------------------------------------------------------------------
Finished Technology Mapping : Time (s): cpu = 00:00:32 ; elapsed = 00:00:33 . Memory (MB): peak = 2278.027 ; gain = 616.270 ; free physical = 2397 ; free virtual = 13485
---------------------------------------------------------------------------------
---------------------------------------------------------------------------------
Start IO Insertion
---------------------------------------------------------------------------------
---------------------------------------------------------------------------------
Start Flattening Before IO Insertion
---------------------------------------------------------------------------------
---------------------------------------------------------------------------------
Finished Flattening Before IO Insertion
---------------------------------------------------------------------------------
---------------------------------------------------------------------------------
Start Final Netlist Cleanup
---------------------------------------------------------------------------------
---------------------------------------------------------------------------------
Finished Final Netlist Cleanup
---------------------------------------------------------------------------------
---------------------------------------------------------------------------------
Finished IO Insertion : Time (s): cpu = 00:00:38 ; elapsed = 00:00:39 . Memory (MB): peak = 2278.027 ; gain = 616.270 ; free physical = 2397 ; free virtual = 13485
---------------------------------------------------------------------------------
---------------------------------------------------------------------------------
Start Renaming Generated Instances
---------------------------------------------------------------------------------
---------------------------------------------------------------------------------
Finished Renaming Generated Instances : Time (s): cpu = 00:00:38 ; elapsed = 00:00:39 . Memory (MB): peak = 2278.027 ; gain = 616.270 ; free physical = 2397 ; free virtual = 13485
---------------------------------------------------------------------------------
---------------------------------------------------------------------------------
Start Rebuilding User Hierarchy
---------------------------------------------------------------------------------
---------------------------------------------------------------------------------
Finished Rebuilding User Hierarchy : Time (s): cpu = 00:00:38 ; elapsed = 00:00:39 . Memory (MB): peak = 2278.027 ; gain = 616.270 ; free physical = 2397 ; free virtual = 13485
---------------------------------------------------------------------------------
---------------------------------------------------------------------------------
Start Renaming Generated Ports
---------------------------------------------------------------------------------
---------------------------------------------------------------------------------
Finished Renaming Generated Ports : Time (s): cpu = 00:00:38 ; elapsed = 00:00:39 . Memory (MB): peak = 2278.027 ; gain = 616.270 ; free physical = 2397 ; free virtual = 13485
---------------------------------------------------------------------------------
---------------------------------------------------------------------------------
Start Handling Custom Attributes
---------------------------------------------------------------------------------
---------------------------------------------------------------------------------
Finished Handling Custom Attributes : Time (s): cpu = 00:00:38 ; elapsed = 00:00:39 . Memory (MB): peak = 2278.027 ; gain = 616.270 ; free physical = 2397 ; free virtual = 13485
---------------------------------------------------------------------------------
---------------------------------------------------------------------------------
Start Renaming Generated Nets
---------------------------------------------------------------------------------
---------------------------------------------------------------------------------
Finished Renaming Generated Nets : Time (s): cpu = 00:00:38 ; elapsed = 00:00:39 . Memory (MB): peak = 2278.027 ; gain = 616.270 ; free physical = 2397 ; free virtual = 13485
---------------------------------------------------------------------------------
---------------------------------------------------------------------------------
Start Writing Synthesis Report
---------------------------------------------------------------------------------

Report BlackBoxes: 
+-+--------------+----------+
| |BlackBox name |Instances |
+-+--------------+----------+
+-+--------------+----------+

Report Cell Usage: 
+------+-------+------+
|      |Cell   |Count |
+------+-------+------+
|1     |BUFG   |     1|
|2     |CARRY4 |    33|
|3     |LUT1   |     5|
|4     |LUT2   |    63|
|5     |LUT3   |    31|
|6     |LUT4   |    39|
|7     |LUT5   |    33|
|8     |LUT6   |   109|
|9     |MUXF7  |     4|
|10    |FDCE   |   100|
|11    |FDPE   |     6|
|12    |FDRE   |   149|
|13    |LD     |     9|
|14    |IBUF   |     4|
|15    |OBUF   |    15|
|16    |OBUFT  |     1|
+------+-------+------+
---------------------------------------------------------------------------------
Finished Writing Synthesis Report : Time (s): cpu = 00:00:38 ; elapsed = 00:00:39 . Memory (MB): peak = 2278.027 ; gain = 616.270 ; free physical = 2397 ; free virtual = 13485
---------------------------------------------------------------------------------
Synthesis finished with 0 errors, 0 critical warnings and 3 warnings.
Synthesis Optimization Runtime : Time (s): cpu = 00:00:35 ; elapsed = 00:00:36 . Memory (MB): peak = 2278.027 ; gain = 468.520 ; free physical = 2396 ; free virtual = 13484
Synthesis Optimization Complete : Time (s): cpu = 00:00:38 ; elapsed = 00:00:39 . Memory (MB): peak = 2278.027 ; gain = 616.270 ; free physical = 2396 ; free virtual = 13484
INFO: [Project 1-571] Translating synthesized netlist
Netlist sorting complete. Time (s): cpu = 00:00:00.01 ; elapsed = 00:00:00.01 . Memory (MB): peak = 2278.027 ; gain = 0.000 ; free physical = 2665 ; free virtual = 13753
INFO: [Netlist 29-17] Analyzing 46 Unisim elements for replacement
INFO: [Netlist 29-28] Unisim Transformation completed in 0 CPU seconds
INFO: [Project 1-570] Preparing netlist for logic optimization
INFO: [Opt 31-138] Pushed 0 inverter(s) to 0 load pin(s).
Netlist sorting complete. Time (s): cpu = 00:00:00 ; elapsed = 00:00:00 . Memory (MB): peak = 2278.027 ; gain = 0.000 ; free physical = 2665 ; free virtual = 13752
INFO: [Project 1-111] Unisim Transformation Summary:
  A total of 9 instances were transformed.
  LD => LDCE: 9 instances

Synth Design complete | Checksum: aa13f569
INFO: [Common 17-83] Releasing license: Synthesis
36 Infos, 11 Warnings, 0 Critical Warnings and 0 Errors encountered.
synth_design completed successfully
synth_design: Time (s): cpu = 00:00:48 ; elapsed = 00:00:45 . Memory (MB): peak = 2278.027 ; gain = 939.371 ; free physical = 2665 ; free virtual = 13752
INFO: [Common 17-2834] synth_design peak Physical Memory [PSS] (MB): overall = 1804.171; main = 1495.854; forked = 356.293
INFO: [Common 17-2834] synth_design peak Virtual Memory [VSS] (MB): overall = 3215.250; main = 2278.031; forked = 969.234
INFO: [Common 17-1381] The checkpoint '/home/dhep/vivado_proj/accel_tx_2/accel_tx_2.runs/synth_1/top_level.dcp' has been generated.
INFO: [runtcl-4] Executing : report_utilization -file top_level_utilization_synth.rpt -pb top_level_utilization_synth.pb
INFO: [Common 17-206] Exiting Vivado at Wed Dec  6 11:56:30 2023...
